[     601ms] [ERROR] Access to script at 'https://pagead2.googlesyndication.com/pagead/js/adsbygoogle.js?client=ca-pub-1585844901351029' from origin 'https://www.proteccionchoferes.org.uy' has been blocked by CORS policy: No 'Access-Control-Allow-Origin' header is present on the requested resource. @ https://www.proteccionchoferes.org.uy/multimedia:0
[     601ms] [ERROR] Failed to load resource: net::ERR_FAILED @ https://pagead2.googlesyndication.com/pagead/js/adsbygoogle.js?client=ca-pub-1585844901351029:0
[    1445ms] [ERROR] public/pages/masterPage.js: Missing semicolon. (15:4)

  13 | 	//Add your code for this event here: 
  14 | }
> 15 | zomm 100%
     |     ^
  16 | export function horizontalMenu1_mouseOut(event) {
  17 | 	//Add your code for this event here: 
  18 | } @ https://www.proteccionchoferes.org.uy/_partials/wix-thunderbolt/dist/clientWorker.b8bdcec4.bundle.min.js:1
[    1657ms] [WARNING] Unrecognized feature: 'vr'. @ https://www.proteccionchoferes.org.uy/multimedia:98
[    1697ms] Uncaught TypeError: this.log is not a function
    at processEvent (https://analytics.sitewit.com/wixembedded.js?ns=kliwix&id=288213382&instance=6057c422-36a4-4c84-bc67-e3fe7e9e1909&verify=:0:520)
[    1858ms] [ERROR] Failed to load resource: the server responded with a status of 429 () @ https://sentry-next.wixpress.com/api/68/envelope/?sentry_key=605a7baede844d278b89dc95ae0a9123&sentry_version=7&sentry_client=sentry.javascript.browser%2F7.120.3:0
[    2161ms] [ERROR] Access to XMLHttpRequest at 'https://googleads.g.doubleclick.net/pagead/id?slf_rd=1' (redirected from 'https://googleads.g.doubleclick.net/pagead/id') from origin 'https://www.youtube.com' has been blocked by CORS policy: No 'Access-Control-Allow-Origin' header is present on the requested resource. @ https://www.youtube.com/embed/ebGZuiArSlE?wmode=transparent&autoplay=0&mute=0&theme=light&controls=1&autohide=0&loop=0&showinfo=0&rel=0&enablejsapi=0:0
[    2162ms] [ERROR] Failed to load resource: net::ERR_FAILED @ https://googleads.g.doubleclick.net/pagead/id?slf_rd=1:0
[    2377ms] [ERROR] Access to XMLHttpRequest at 'https://googleads.g.doubleclick.net/pagead/id?slf_rd=1' (redirected from 'https://googleads.g.doubleclick.net/pagead/id') from origin 'https://www.youtube.com' has been blocked by CORS policy: No 'Access-Control-Allow-Origin' header is present on the requested resource. @ https://www.youtube.com/embed/XQbgCoAL6v4?wmode=transparent&autoplay=0&mute=0&theme=light&controls=1&autohide=0&loop=0&showinfo=0&rel=0&enablejsapi=0:0
[    2378ms] [ERROR] Failed to load resource: net::ERR_FAILED @ https://googleads.g.doubleclick.net/pagead/id?slf_rd=1:0
[    2453ms] [ERROR] Access to XMLHttpRequest at 'https://googleads.g.doubleclick.net/pagead/id?slf_rd=1' (redirected from 'https://googleads.g.doubleclick.net/pagead/id') from origin 'https://www.youtube.com' has been blocked by CORS policy: No 'Access-Control-Allow-Origin' header is present on the requested resource. @ https://www.youtube.com/embed/yPeG1QlblRQ?wmode=transparent&autoplay=0&mute=0&theme=light&controls=1&autohide=0&loop=0&showinfo=0&rel=0&enablejsapi=0:0
[    2453ms] [ERROR] Failed to load resource: net::ERR_FAILED @ https://googleads.g.doubleclick.net/pagead/id?slf_rd=1:0
[    2587ms] [ERROR] Access to XMLHttpRequest at 'https://googleads.g.doubleclick.net/pagead/id?slf_rd=1' (redirected from 'https://googleads.g.doubleclick.net/pagead/id') from origin 'https://www.youtube.com' has been blocked by CORS policy: No 'Access-Control-Allow-Origin' header is present on the requested resource. @ https://www.youtube.com/embed/43oZNa7UGIA?wmode=transparent&autoplay=0&mute=0&theme=light&controls=1&autohide=0&loop=0&showinfo=0&rel=0&enablejsapi=0:0
[    2588ms] [ERROR] Failed to load resource: net::ERR_FAILED @ https://googleads.g.doubleclick.net/pagead/id?slf_rd=1:0
[    2695ms] [ERROR] Access to XMLHttpRequest at 'https://googleads.g.doubleclick.net/pagead/id?slf_rd=1' (redirected from 'https://googleads.g.doubleclick.net/pagead/id') from origin 'https://www.youtube.com' has been blocked by CORS policy: No 'Access-Control-Allow-Origin' header is present on the requested resource. @ https://www.youtube.com/embed/Fp_6zhDafZU?wmode=transparent&autoplay=0&mute=0&theme=light&controls=1&autohide=0&loop=0&showinfo=0&rel=0&enablejsapi=0:0
[    2696ms] [ERROR] Failed to load resource: net::ERR_FAILED @ https://googleads.g.doubleclick.net/pagead/id?slf_rd=1:0
[    2731ms] [ERROR] Access to XMLHttpRequest at 'https://googleads.g.doubleclick.net/pagead/id?slf_rd=1' (redirected from 'https://googleads.g.doubleclick.net/pagead/id') from origin 'https://www.youtube.com' has been blocked by CORS policy: No 'Access-Control-Allow-Origin' header is present on the requested resource. @ https://www.youtube.com/embed/hBuN3xNnUVo?wmode=transparent&autoplay=0&mute=0&theme=light&controls=1&autohide=0&loop=0&showinfo=0&rel=0&enablejsapi=0:0
[    2731ms] [ERROR] Failed to load resource: net::ERR_FAILED @ https://googleads.g.doubleclick.net/pagead/id?slf_rd=1:0
[    2744ms] [ERROR] Access to XMLHttpRequest at 'https://googleads.g.doubleclick.net/pagead/id?slf_rd=1' (redirected from 'https://googleads.g.doubleclick.net/pagead/id') from origin 'https://www.youtube.com' has been blocked by CORS policy: No 'Access-Control-Allow-Origin' header is present on the requested resource. @ https://www.youtube.com/embed/Ny6wvedwdVE?wmode=transparent&autoplay=0&mute=0&theme=light&controls=1&autohide=0&loop=0&showinfo=0&rel=0&enablejsapi=0:0
[    2745ms] [ERROR] Failed to load resource: net::ERR_FAILED @ https://googleads.g.doubleclick.net/pagead/id?slf_rd=1:0
[    2747ms] [ERROR] Access to XMLHttpRequest at 'https://googleads.g.doubleclick.net/pagead/id?slf_rd=1' (redirected from 'https://googleads.g.doubleclick.net/pagead/id') from origin 'https://www.youtube.com' has been blocked by CORS policy: No 'Access-Control-Allow-Origin' header is present on the requested resource. @ https://www.youtube.com/embed/jCRlmnGYaNs?wmode=transparent&autoplay=0&mute=0&theme=light&controls=1&autohide=0&loop=0&showinfo=0&rel=0&enablejsapi=0:0
[    2748ms] [ERROR] Failed to load resource: net::ERR_FAILED @ https://googleads.g.doubleclick.net/pagead/id?slf_rd=1:0
[    2759ms] [ERROR] Access to XMLHttpRequest at 'https://googleads.g.doubleclick.net/pagead/id?slf_rd=1' (redirected from 'https://googleads.g.doubleclick.net/pagead/id') from origin 'https://www.youtube.com' has been blocked by CORS policy: No 'Access-Control-Allow-Origin' header is present on the requested resource. @ https://www.youtube.com/embed/bs3wWBeKoAQ?wmode=transparent&autoplay=0&mute=0&theme=light&controls=1&autohide=0&loop=0&showinfo=0&rel=0&enablejsapi=0:0
[    2759ms] [ERROR] Failed to load resource: net::ERR_FAILED @ https://googleads.g.doubleclick.net/pagead/id?slf_rd=1:0
[    2784ms] [ERROR] Access to XMLHttpRequest at 'https://googleads.g.doubleclick.net/pagead/id?slf_rd=1' (redirected from 'https://googleads.g.doubleclick.net/pagead/id') from origin 'https://www.youtube.com' has been blocked by CORS policy: No 'Access-Control-Allow-Origin' header is present on the requested resource. @ https://www.youtube.com/embed/eRbNccA-zyw?wmode=transparent&autoplay=0&mute=0&theme=light&controls=1&autohide=0&loop=0&showinfo=0&rel=0&enablejsapi=0:0
[    2784ms] [ERROR] Failed to load resource: net::ERR_FAILED @ https://googleads.g.doubleclick.net/pagead/id?slf_rd=1:0
[    2924ms] [ERROR] Access to XMLHttpRequest at 'https://googleads.g.doubleclick.net/pagead/id?slf_rd=1' (redirected from 'https://googleads.g.doubleclick.net/pagead/id') from origin 'https://www.youtube.com' has been blocked by CORS policy: No 'Access-Control-Allow-Origin' header is present on the requested resource. @ https://www.youtube.com/embed/bfMBSspVJVA?wmode=transparent&autoplay=0&mute=0&theme=light&controls=1&autohide=0&loop=0&showinfo=0&rel=0&enablejsapi=0:0
[    2925ms] [ERROR] Failed to load resource: net::ERR_FAILED @ https://googleads.g.doubleclick.net/pagead/id?slf_rd=1:0
[    2956ms] [ERROR] Access to XMLHttpRequest at 'https://googleads.g.doubleclick.net/pagead/id?slf_rd=1' (redirected from 'https://googleads.g.doubleclick.net/pagead/id') from origin 'https://www.youtube.com' has been blocked by CORS policy: No 'Access-Control-Allow-Origin' header is present on the requested resource. @ https://www.youtube.com/embed/0dm6DmpFnzI?wmode=transparent&autoplay=0&mute=0&theme=light&controls=1&autohide=0&loop=0&showinfo=0&rel=0&enablejsapi=0:0
[    2957ms] [ERROR] Failed to load resource: net::ERR_FAILED @ https://googleads.g.doubleclick.net/pagead/id?slf_rd=1:0
