[   77810ms] [ERROR] ErrorUtils caught an error:

Could not find element "u_1_2a_yd" [Caught in: Module "__elem_a588f507_1_0_y1"]

Subsequent non-fatal errors won't be logged; see https://fburl.com/debugjs. {column: 180, clientTime: 1774066293, extra: Object, guardList: Array(4), hash: bg1xph} @ https://static.xx.fbcdn.net/rsrc.php/v4/y0/r/FkDjuvZjYby.js:77
[   77810ms] [ERROR] ErrorUtils caught an error:

DataStore.get: namespace is required, got undefined

Subsequent non-fatal errors won't be logged; see https://fburl.com/debugjs. {column: 694, clientTime: 1774066293, extra: Object, guardList: Array(4), hash: zjquh1} @ https://static.xx.fbcdn.net/rsrc.php/v4/y0/r/FkDjuvZjYby.js:77
[   77812ms] [ERROR] ErrorUtils caught an error:

Could not find element "u_1_3_CH" [Caught in: Module "__elem_9fc087ed_1_0_ja"]

Subsequent non-fatal errors won't be logged; see https://fburl.com/debugjs. {column: 180, clientTime: 1774066293, extra: Object, guardList: Array(4), hash: bg1xph} @ https://static.xx.fbcdn.net/rsrc.php/v4/y0/r/FkDjuvZjYby.js:77
[   77813ms] [ERROR] ErrorUtils caught an error:

Could not find element "u_1_3_CH" [Caught in: Module "__elem_9fc087ed_1_0_ja"] [Caught in: Requiring module "__elem_9fc087ed_1_0_ja" which threw an exception]

Subsequent non-fatal errors won't be logged; see https://fburl.com/debugjs. {column: 180, clientTime: 1774066293, extra: Object, guardList: Array(4), hash: bg1xph} @ https://static.xx.fbcdn.net/rsrc.php/v4/y0/r/FkDjuvZjYby.js:77
[   77813ms] [ERROR] ErrorUtils caught an error:

Could not find element "u_1_1_jz" [Caught in: Module "__elem_9fc087ed_1_1_Fl"]

Subsequent non-fatal errors won't be logged; see https://fburl.com/debugjs. {column: 180, clientTime: 1774066293, extra: Object, guardList: Array(4), hash: bg1xph} @ https://static.xx.fbcdn.net/rsrc.php/v4/y0/r/FkDjuvZjYby.js:77
[   77813ms] [ERROR] ErrorUtils caught an error:

Could not find element "u_1_1_jz" [Caught in: Module "__elem_9fc087ed_1_1_Fl"] [Caught in: Requiring module "__elem_9fc087ed_1_1_Fl" which threw an exception]

Subsequent non-fatal errors won't be logged; see https://fburl.com/debugjs. {column: 180, clientTime: 1774066293, extra: Object, guardList: Array(4), hash: bg1xph} @ https://static.xx.fbcdn.net/rsrc.php/v4/y0/r/FkDjuvZjYby.js:77
[   77813ms] [ERROR] ErrorUtils caught an error:

Could not find element "u_1_4_eu" [Caught in: Module "__elem_9fc087ed_1_2_wi"]

Subsequent non-fatal errors won't be logged; see https://fburl.com/debugjs. {column: 180, clientTime: 1774066293, extra: Object, guardList: Array(4), hash: bg1xph} @ https://static.xx.fbcdn.net/rsrc.php/v4/y0/r/FkDjuvZjYby.js:77
[   77814ms] [ERROR] ErrorUtils caught an error:

Could not find element "u_1_4_eu" [Caught in: Module "__elem_9fc087ed_1_2_wi"] [Caught in: Requiring module "__elem_9fc087ed_1_2_wi" which threw an exception]

Subsequent non-fatal errors won't be logged; see https://fburl.com/debugjs. {column: 180, clientTime: 1774066293, extra: Object, guardList: Array(4), hash: bg1xph} @ https://static.xx.fbcdn.net/rsrc.php/v4/y0/r/FkDjuvZjYby.js:77
[   77814ms] [ERROR] ErrorUtils caught an error:

Could not find element "u_1_0_aF" [Caught in: Module "__elem_9fc087ed_1_3_OX"]

Subsequent non-fatal errors won't be logged; see https://fburl.com/debugjs. {column: 180, clientTime: 1774066293, extra: Object, guardList: Array(4), hash: bg1xph} @ https://static.xx.fbcdn.net/rsrc.php/v4/y0/r/FkDjuvZjYby.js:77
[   77814ms] [ERROR] ErrorUtils caught an error:

Could not find element "u_1_0_aF" [Caught in: Module "__elem_9fc087ed_1_3_OX"] [Caught in: Requiring module "__elem_9fc087ed_1_3_OX" which threw an exception]

Subsequent non-fatal errors won't be logged; see https://fburl.com/debugjs. {column: 180, clientTime: 1774066293, extra: Object, guardList: Array(4), hash: bg1xph} @ https://static.xx.fbcdn.net/rsrc.php/v4/y0/r/FkDjuvZjYby.js:77
[   77814ms] [ERROR] ErrorUtils caught an error:

Could not find element "u_1_7_A7" [Caught in: Module "__elem_a588f507_1_2_hL"]

Subsequent non-fatal errors won't be logged; see https://fburl.com/debugjs. {column: 180, clientTime: 1774066293, extra: Object, guardList: Array(4), hash: bg1xph} @ https://static.xx.fbcdn.net/rsrc.php/v4/y0/r/FkDjuvZjYby.js:77
[   77815ms] [ERROR] ErrorUtils caught an error:

Could not find element "u_1_8_UC" [Caught in: Module "__elem_de92090e_1_0_x6"]

Subsequent non-fatal errors won't be logged; see https://fburl.com/debugjs. {column: 180, clientTime: 1774066293, extra: Object, guardList: Array(4), hash: bg1xph} @ https://static.xx.fbcdn.net/rsrc.php/v4/y0/r/FkDjuvZjYby.js:77
[   77815ms] [ERROR] ErrorUtils caught an error:

Could not find element "u_1_9_fO" [Caught in: Module "__elem_072b8e64_1_0_o5"]

Subsequent non-fatal errors won't be logged; see https://fburl.com/debugjs. {column: 180, clientTime: 1774066293, extra: Object, guardList: Array(4), hash: bg1xph} @ https://static.xx.fbcdn.net/rsrc.php/v4/y0/r/FkDjuvZjYby.js:77
[   77815ms] [ERROR] ErrorUtils caught an error:

Could not find element "u_1_1v_F4" [Caught in: Module "__elem_2106b0cc_1_0_kM"] [Caught in: Module "__inst_b7ee1bfc_1_0_4s"]

Subsequent non-fatal errors won't be logged; see https://fburl.com/debugjs. {column: 180, clientTime: 1774066293, extra: Object, guardList: Array(4), hash: aqdqcm} @ https://static.xx.fbcdn.net/rsrc.php/v4/y0/r/FkDjuvZjYby.js:77
[   77816ms] [ERROR] ErrorUtils caught an error:

Could not find element "u_1_1r_IG" [Caught in: Module "__elem_2106b0cc_1_1_cS"] [Caught in: Module "__inst_b7ee1bfc_1_1_Hp"]

Subsequent non-fatal errors won't be logged; see https://fburl.com/debugjs. {column: 180, clientTime: 1774066293, extra: Object, guardList: Array(4), hash: aqdqcm} @ https://static.xx.fbcdn.net/rsrc.php/v4/y0/r/FkDjuvZjYby.js:77
[   77816ms] [ERROR] ErrorUtils caught an error:

Could not find element "u_1_1s_3V" [Caught in: Module "__elem_fc9f538f_1_0_ZX"]

Subsequent non-fatal errors won't be logged; see https://fburl.com/debugjs. {column: 180, clientTime: 1774066293, extra: Object, guardList: Array(4), hash: sarqeb} @ https://static.xx.fbcdn.net/rsrc.php/v4/y0/r/FkDjuvZjYby.js:77
[   77816ms] [ERROR] ErrorUtils caught an error:

Could not find element "u_1_1w_Qo" [Caught in: Module "__elem_fc9f538f_1_1_wA"]

Subsequent non-fatal errors won't be logged; see https://fburl.com/debugjs. {column: 180, clientTime: 1774066293, extra: Object, guardList: Array(4), hash: sarqeb} @ https://static.xx.fbcdn.net/rsrc.php/v4/y0/r/FkDjuvZjYby.js:77
[   77817ms] [ERROR] ErrorUtils caught an error:

Could not find element "u_1_c_uW" [Caught in: Module "__elem_a588f507_1_3_0A"]

Subsequent non-fatal errors won't be logged; see https://fburl.com/debugjs. {column: 180, clientTime: 1774066293, extra: Object, guardList: Array(4), hash: bg1xph} @ https://static.xx.fbcdn.net/rsrc.php/v4/y0/r/FkDjuvZjYby.js:77
[   77817ms] [ERROR] ErrorUtils caught an error:

Could not find element "u_1_d_Kz" [Caught in: Module "__elem_de92090e_1_1_Qt"]

Subsequent non-fatal errors won't be logged; see https://fburl.com/debugjs. {column: 180, clientTime: 1774066293, extra: Object, guardList: Array(4), hash: bg1xph} @ https://static.xx.fbcdn.net/rsrc.php/v4/y0/r/FkDjuvZjYby.js:77
[   77817ms] [ERROR] ErrorUtils caught an error:

Could not find element "u_1_e_oG" [Caught in: Module "__elem_072b8e64_1_1_lv"]

Subsequent non-fatal errors won't be logged; see https://fburl.com/debugjs. {column: 180, clientTime: 1774066293, extra: Object, guardList: Array(4), hash: bg1xph} @ https://static.xx.fbcdn.net/rsrc.php/v4/y0/r/FkDjuvZjYby.js:77
[   77817ms] [ERROR] ErrorUtils caught an error:

Could not find element "u_1_1p_Yo" [Caught in: Module "__elem_2106b0cc_1_2_NC"] [Caught in: Module "__inst_b7ee1bfc_1_2_MM"]

Subsequent non-fatal errors won't be logged; see https://fburl.com/debugjs. {column: 180, clientTime: 1774066293, extra: Object, guardList: Array(4), hash: aqdqcm} @ https://static.xx.fbcdn.net/rsrc.php/v4/y0/r/FkDjuvZjYby.js:77
[   77818ms] [ERROR] ErrorUtils caught an error:

Could not find element "u_1_1q_K9" [Caught in: Module "__elem_fc9f538f_1_2_Dk"]

Subsequent non-fatal errors won't be logged; see https://fburl.com/debugjs. {column: 180, clientTime: 1774066293, extra: Object, guardList: Array(4), hash: sarqeb} @ https://static.xx.fbcdn.net/rsrc.php/v4/y0/r/FkDjuvZjYby.js:77
[   77818ms] [ERROR] ErrorUtils caught an error:

Could not find element "u_1_h_6X" [Caught in: Module "__elem_a588f507_1_4_DX"]

Subsequent non-fatal errors won't be logged; see https://fburl.com/debugjs. {column: 180, clientTime: 1774066293, extra: Object, guardList: Array(4), hash: bg1xph} @ https://static.xx.fbcdn.net/rsrc.php/v4/y0/r/FkDjuvZjYby.js:77
[   77818ms] [ERROR] ErrorUtils caught an error:

Could not find element "u_1_i_3v" [Caught in: Module "__elem_de92090e_1_2_Pz"]

Subsequent non-fatal errors won't be logged; see https://fburl.com/debugjs. {column: 180, clientTime: 1774066293, extra: Object, guardList: Array(4), hash: bg1xph} @ https://static.xx.fbcdn.net/rsrc.php/v4/y0/r/FkDjuvZjYby.js:77
[   77818ms] [ERROR] ErrorUtils caught an error:

Could not find element "u_1_j_+Q" [Caught in: Module "__elem_072b8e64_1_2_3L"]

Subsequent non-fatal errors won't be logged; see https://fburl.com/debugjs. {column: 180, clientTime: 1774066293, extra: Object, guardList: Array(4), hash: bg1xph} @ https://static.xx.fbcdn.net/rsrc.php/v4/y0/r/FkDjuvZjYby.js:77
[   77819ms] [ERROR] ErrorUtils caught an error:

Could not find element "u_1_2_Dq" [Caught in: Module "__elem_9fc087ed_1_4_Ws"]

Subsequent non-fatal errors won't be logged; see https://fburl.com/debugjs. {column: 180, clientTime: 1774066293, extra: Object, guardList: Array(4), hash: bg1xph} @ https://static.xx.fbcdn.net/rsrc.php/v4/y0/r/FkDjuvZjYby.js:77
[   77819ms] [ERROR] ErrorUtils caught an error:

Could not find element "u_1_2_Dq" [Caught in: Module "__elem_9fc087ed_1_4_Ws"] [Caught in: Requiring module "__elem_9fc087ed_1_4_Ws" which threw an exception]

Subsequent non-fatal errors won't be logged; see https://fburl.com/debugjs. {column: 180, clientTime: 1774066293, extra: Object, guardList: Array(4), hash: bg1xph} @ https://static.xx.fbcdn.net/rsrc.php/v4/y0/r/FkDjuvZjYby.js:77
[   77819ms] [ERROR] ErrorUtils caught an error:

Could not find element "u_1_1g_tX" [Caught in: Module "__elem_a648e52c_1_0_C0"]

Subsequent non-fatal errors won't be logged; see https://fburl.com/debugjs. {column: 180, clientTime: 1774066293, extra: Object, guardList: Array(4), hash: bg1xph} @ https://static.xx.fbcdn.net/rsrc.php/v4/y0/r/FkDjuvZjYby.js:77
[   77820ms] [ERROR] ErrorUtils caught an error:

Could not find element "u_1_1j_Qw" [Caught in: Module "__elem_3533c634_1_0_4J"] [Caught in: Module "__inst_3533c634_1_0_tF"] [Caught in: Module "__inst_a648e52c_1_0_ir"]

Subsequent non-fatal errors won't be logged; see https://fburl.com/debugjs. {column: 180, clientTime: 1774066293, extra: Object, guardList: Array(4), hash: hbnqyj} @ https://static.xx.fbcdn.net/rsrc.php/v4/y0/r/FkDjuvZjYby.js:77
[   77820ms] [ERROR] ErrorUtils caught an error:

Could not find element "u_1_1j_Qw" [Caught in: Module "__elem_3533c634_1_0_4J"] [Caught in: Module "__inst_3533c634_1_0_tF"] [Caught in: Module "__inst_a648e52c_1_0_ir"] [Caught in: Requiring module "__inst_3533c634_1_0_tF" which threw an exception]

Subsequent non-fatal errors won't be logged; see https://fburl.com/debugjs. {column: 180, clientTime: 1774066293, extra: Object, guardList: Array(4), hash: hbnqyj} @ https://static.xx.fbcdn.net/rsrc.php/v4/y0/r/FkDjuvZjYby.js:77
[   77820ms] [ERROR] ErrorUtils caught an error:

Could not find element "u_1_1k_tM" [Caught in: Module "__elem_2223e126_1_0_YI"] [Caught in: Module "__inst_2223e126_1_0_Cs"]

Subsequent non-fatal errors won't be logged; see https://fburl.com/debugjs. {column: 180, clientTime: 1774066293, extra: Object, guardList: Array(4), hash: cqf5fg} @ https://static.xx.fbcdn.net/rsrc.php/v4/y0/r/FkDjuvZjYby.js:77
[   77820ms] [ERROR] ErrorUtils caught an error:

Could not find element "u_1_k_JX" [Caught in: Module "__elem_8937e029_1_0_w1"]

Subsequent non-fatal errors won't be logged; see https://fburl.com/debugjs. {column: 180, clientTime: 1774066293, extra: Object, guardList: Array(4), hash: bg1xph} @ https://static.xx.fbcdn.net/rsrc.php/v4/y0/r/FkDjuvZjYby.js:77
[   77821ms] [ERROR] ErrorUtils caught an error:

Could not find element "u_1_1j_Qw" [Caught in: Module "__elem_3533c634_1_0_4J"] [Caught in: Module "__inst_3533c634_1_0_tF"] [Caught in: Module "__inst_a648e52c_1_0_ir"] [Caught in: Requiring module "__inst_3533c634_1_0_tF" which threw an exception] [Caught in: Requiring module "__inst_a648e52c_1_0_ir" which threw an exception] [Caught in: Module "__inst_3f1e98e4_1_0_QO"]

Subsequent non-fatal errors won't be logged; see https://fburl.com/debugjs. {column: 180, clientTime: 1774066293, extra: Object, guardList: Array(4), hash: hbnqyj} @ https://static.xx.fbcdn.net/rsrc.php/v4/y0/r/FkDjuvZjYby.js:77
[   77821ms] [ERROR] ErrorUtils caught an error:

Could not find element "u_1_1j_Qw" [Caught in: Module "__elem_3533c634_1_0_4J"] [Caught in: Module "__inst_3533c634_1_0_tF"] [Caught in: Module "__inst_a648e52c_1_0_ir"] [Caught in: Requiring module "__inst_3533c634_1_0_tF" which threw an exception] [Caught in: Requiring module "__inst_a648e52c_1_0_ir" which threw an exception] [Caught in: Module "__inst_3f1e98e4_1_0_QO"] [Caught in: Requiring module "__inst_a648e52c_1_0_ir" which threw an exception] [Caught in: Module "__inst_0bcc40a7_1_0_FV"]

Subsequent non-fatal errors won't be logged; see https://fburl.com/debugjs. {column: 180, clientTime: 1774066293, extra: Object, guardList: Array(4), hash: hbnqyj} @ https://static.xx.fbcdn.net/rsrc.php/v4/y0/r/FkDjuvZjYby.js:77
[   77821ms] [ERROR] ErrorUtils caught an error:

Could not find element "u_1_1j_Qw" [Caught in: Module "__elem_3533c634_1_0_4J"] [Caught in: Module "__inst_3533c634_1_0_tF"] [Caught in: Module "__inst_a648e52c_1_0_ir"] [Caught in: Requiring module "__inst_3533c634_1_0_tF" which threw an exception] [Caught in: Requiring module "__inst_a648e52c_1_0_ir" which threw an exception] [Caught in: Module "__inst_3f1e98e4_1_0_QO"] [Caught in: Requiring module "__inst_a648e52c_1_0_ir" which threw an exception] [Caught in: Module "__inst_0bcc40a7_1_0_FV"] [Caught in: Requiring module "__inst_a648e52c_1_0_ir" which threw an exception] [Caught in: Module "__inst_553e54ec_1_0_P7"]

Subsequent non-fatal errors won't be logged; see https://fburl.com/debugjs. {column: 180, clientTime: 1774066293, extra: Object, guardList: Array(4), hash: hbnqyj} @ https://static.xx.fbcdn.net/rsrc.php/v4/y0/r/FkDjuvZjYby.js:77
[   77821ms] [ERROR] ErrorUtils caught an error:

Could not find element "u_1_1j_Qw" [Caught in: Module "__elem_3533c634_1_0_4J"] [Caught in: Module "__inst_3533c634_1_0_tF"] [Caught in: Module "__inst_a648e52c_1_0_ir"] [Caught in: Requiring module "__inst_3533c634_1_0_tF" which threw an exception] [Caught in: Requiring module "__inst_a648e52c_1_0_ir" which threw an exception] [Caught in: Module "__inst_3f1e98e4_1_0_QO"] [Caught in: Requiring module "__inst_a648e52c_1_0_ir" which threw an exception] [Caught in: Module "__inst_0bcc40a7_1_0_FV"] [Caught in: Requiring module "__inst_a648e52c_1_0_ir" which threw an exception] [Caught in: Module "__inst_553e54ec_1_0_P7"] [Caught in: Requiring module "__inst_a648e52c_1_0_ir" which threw an exception] [Caught in: Module "__inst_98d9a45e_1_0_qD"]

Subsequent non-fatal errors won't be logged; see https://fburl.com/debugjs. {column: 180, clientTime: 1774066293, extra: Object, guardList: Array(4), hash: hbnqyj} @ https://static.xx.fbcdn.net/rsrc.php/v4/y0/r/FkDjuvZjYby.js:77
[   77821ms] [ERROR] ErrorUtils caught an error:

Could not find element "u_1_1j_Qw" [Caught in: Module "__elem_3533c634_1_0_4J"] [Caught in: Module "__inst_3533c634_1_0_tF"] [Caught in: Module "__inst_a648e52c_1_0_ir"] [Caught in: Requiring module "__inst_3533c634_1_0_tF" which threw an exception] [Caught in: Requiring module "__inst_a648e52c_1_0_ir" which threw an exception] [Caught in: Module "__inst_3f1e98e4_1_0_QO"] [Caught in: Requiring module "__inst_a648e52c_1_0_ir" which threw an exception] [Caught in: Module "__inst_0bcc40a7_1_0_FV"] [Caught in: Requiring module "__inst_a648e52c_1_0_ir" which threw an exception] [Caught in: Module "__inst_553e54ec_1_0_P7"] [Caught in: Requiring module "__inst_a648e52c_1_0_ir" which threw an exception] [Caught in: Module "__inst_98d9a45e_1_0_qD"] [Caught in: Requiring module "__inst_a648e52c_1_0_ir" which threw an exception] [Caught in: Module "__inst_cb5ee3f2_1_0_E9"]

Subsequent non-fatal errors won't be logged; see https://fburl.com/debugjs. {column: 180, clientTime: 1774066293, extra: Object, guardList: Array(4), hash: hbnqyj} @ https://static.xx.fbcdn.net/rsrc.php/v4/y0/r/FkDjuvZjYby.js:77
[   77822ms] [ERROR] ErrorUtils caught an error:

Could not find element "u_1_1j_Qw" [Caught in: Module "__elem_3533c634_1_0_4J"] [Caught in: Module "__inst_3533c634_1_0_tF"] [Caught in: Module "__inst_a648e52c_1_0_ir"] [Caught in: Requiring module "__inst_3533c634_1_0_tF" which threw an exception] [Caught in: Requiring module "__inst_a648e52c_1_0_ir" which threw an exception] [Caught in: Module "__inst_3f1e98e4_1_0_QO"] [Caught in: Requiring module "__inst_a648e52c_1_0_ir" which threw an exception] [Caught in: Module "__inst_0bcc40a7_1_0_FV"] [Caught in: Requiring module "__inst_a648e52c_1_0_ir" which threw an exception] [Caught in: Module "__inst_553e54ec_1_0_P7"] [Caught in: Requiring module "__inst_a648e52c_1_0_ir" which threw an exception] [Caught in: Module "__inst_98d9a45e_1_0_qD"] [Caught in: Requiring module "__inst_a648e52c_1_0_ir" which threw an exception] [Caught in: Module "__inst_cb5ee3f2_1_0_E9"] [Caught in: Requiring module "__inst_a648e52c_1_0_ir" which threw an exception] [Caught in: Module "__inst_70dbca80_1_0_l6"]

Subsequent non-fatal errors won't be logged; see https://fburl.com/debugjs. {column: 180, clientTime: 1774066293, extra: Object, guardList: Array(4), hash: hbnqyj} @ https://static.xx.fbcdn.net/rsrc.php/v4/y0/r/FkDjuvZjYby.js:77
[   77822ms] [ERROR] ErrorUtils caught an error:

Could not find element "u_1_17_f3" [Caught in: Module "__elem_a648e52c_1_1_Fe"]

Subsequent non-fatal errors won't be logged; see https://fburl.com/debugjs. {column: 180, clientTime: 1774066293, extra: Object, guardList: Array(4), hash: bg1xph} @ https://static.xx.fbcdn.net/rsrc.php/v4/y0/r/FkDjuvZjYby.js:77
[   77822ms] [ERROR] ErrorUtils caught an error:

Could not find element "u_1_1a_/L" [Caught in: Module "__elem_3533c634_1_1_o3"] [Caught in: Module "__inst_3533c634_1_1_0y"] [Caught in: Module "__inst_a648e52c_1_1_d4"]

Subsequent non-fatal errors won't be logged; see https://fburl.com/debugjs. {column: 180, clientTime: 1774066293, extra: Object, guardList: Array(4), hash: hbnqyj} @ https://static.xx.fbcdn.net/rsrc.php/v4/y0/r/FkDjuvZjYby.js:77
[   77822ms] [ERROR] ErrorUtils caught an error:

Could not find element "u_1_1a_/L" [Caught in: Module "__elem_3533c634_1_1_o3"] [Caught in: Module "__inst_3533c634_1_1_0y"] [Caught in: Module "__inst_a648e52c_1_1_d4"] [Caught in: Requiring module "__inst_3533c634_1_1_0y" which threw an exception]

Subsequent non-fatal errors won't be logged; see https://fburl.com/debugjs. {column: 180, clientTime: 1774066293, extra: Object, guardList: Array(4), hash: hbnqyj} @ https://static.xx.fbcdn.net/rsrc.php/v4/y0/r/FkDjuvZjYby.js:77
[   77823ms] [ERROR] ErrorUtils caught an error:

Could not find element "u_1_1b_NR" [Caught in: Module "__elem_2223e126_1_1_IK"] [Caught in: Module "__inst_2223e126_1_1_jB"]

Subsequent non-fatal errors won't be logged; see https://fburl.com/debugjs. {column: 180, clientTime: 1774066293, extra: Object, guardList: Array(4), hash: cqf5fg} @ https://static.xx.fbcdn.net/rsrc.php/v4/y0/r/FkDjuvZjYby.js:77
[   77823ms] [ERROR] ErrorUtils caught an error:

Could not find element "u_1_m_Tb" [Caught in: Module "__elem_8937e029_1_1_bH"]

Subsequent non-fatal errors won't be logged; see https://fburl.com/debugjs. {column: 180, clientTime: 1774066293, extra: Object, guardList: Array(4), hash: bg1xph} @ https://static.xx.fbcdn.net/rsrc.php/v4/y0/r/FkDjuvZjYby.js:77
[   77823ms] [ERROR] ErrorUtils caught an error:

Could not find element "u_1_1a_/L" [Caught in: Module "__elem_3533c634_1_1_o3"] [Caught in: Module "__inst_3533c634_1_1_0y"] [Caught in: Module "__inst_a648e52c_1_1_d4"] [Caught in: Requiring module "__inst_3533c634_1_1_0y" which threw an exception] [Caught in: Requiring module "__inst_a648e52c_1_1_d4" which threw an exception] [Caught in: Module "__inst_3f1e98e4_1_1_GO"]

Subsequent non-fatal errors won't be logged; see https://fburl.com/debugjs. {column: 180, clientTime: 1774066293, extra: Object, guardList: Array(4), hash: hbnqyj} @ https://static.xx.fbcdn.net/rsrc.php/v4/y0/r/FkDjuvZjYby.js:77
[   77823ms] [ERROR] ErrorUtils caught an error:

Could not find element "u_1_1a_/L" [Caught in: Module "__elem_3533c634_1_1_o3"] [Caught in: Module "__inst_3533c634_1_1_0y"] [Caught in: Module "__inst_a648e52c_1_1_d4"] [Caught in: Requiring module "__inst_3533c634_1_1_0y" which threw an exception] [Caught in: Requiring module "__inst_a648e52c_1_1_d4" which threw an exception] [Caught in: Module "__inst_3f1e98e4_1_1_GO"] [Caught in: Requiring module "__inst_a648e52c_1_1_d4" which threw an exception] [Caught in: Module "__inst_0bcc40a7_1_1_2F"]

Subsequent non-fatal errors won't be logged; see https://fburl.com/debugjs. {column: 180, clientTime: 1774066293, extra: Object, guardList: Array(4), hash: hbnqyj} @ https://static.xx.fbcdn.net/rsrc.php/v4/y0/r/FkDjuvZjYby.js:77
[   77824ms] [ERROR] ErrorUtils caught an error:

Could not find element "u_1_1a_/L" [Caught in: Module "__elem_3533c634_1_1_o3"] [Caught in: Module "__inst_3533c634_1_1_0y"] [Caught in: Module "__inst_a648e52c_1_1_d4"] [Caught in: Requiring module "__inst_3533c634_1_1_0y" which threw an exception] [Caught in: Requiring module "__inst_a648e52c_1_1_d4" which threw an exception] [Caught in: Module "__inst_3f1e98e4_1_1_GO"] [Caught in: Requiring module "__inst_a648e52c_1_1_d4" which threw an exception] [Caught in: Module "__inst_0bcc40a7_1_1_2F"] [Caught in: Requiring module "__inst_a648e52c_1_1_d4" which threw an exception] [Caught in: Module "__inst_553e54ec_1_1_Fp"]

Subsequent non-fatal errors won't be logged; see https://fburl.com/debugjs. {column: 180, clientTime: 1774066293, extra: Object, guardList: Array(4), hash: hbnqyj} @ https://static.xx.fbcdn.net/rsrc.php/v4/y0/r/FkDjuvZjYby.js:77
[   77824ms] [ERROR] ErrorUtils caught an error:

Could not find element "u_1_1a_/L" [Caught in: Module "__elem_3533c634_1_1_o3"] [Caught in: Module "__inst_3533c634_1_1_0y"] [Caught in: Module "__inst_a648e52c_1_1_d4"] [Caught in: Requiring module "__inst_3533c634_1_1_0y" which threw an exception] [Caught in: Requiring module "__inst_a648e52c_1_1_d4" which threw an exception] [Caught in: Module "__inst_3f1e98e4_1_1_GO"] [Caught in: Requiring module "__inst_a648e52c_1_1_d4" which threw an exception] [Caught in: Module "__inst_0bcc40a7_1_1_2F"] [Caught in: Requiring module "__inst_a648e52c_1_1_d4" which threw an exception] [Caught in: Module "__inst_553e54ec_1_1_Fp"] [Caught in: Requiring module "__inst_a648e52c_1_1_d4" which threw an exception] [Caught in: Module "__inst_98d9a45e_1_1_1g"]

Subsequent non-fatal errors won't be logged; see https://fburl.com/debugjs. {column: 180, clientTime: 1774066293, extra: Object, guardList: Array(4), hash: hbnqyj} @ https://static.xx.fbcdn.net/rsrc.php/v4/y0/r/FkDjuvZjYby.js:77
[   77825ms] [ERROR] ErrorUtils caught an error:

Could not find element "u_1_1a_/L" [Caught in: Module "__elem_3533c634_1_1_o3"] [Caught in: Module "__inst_3533c634_1_1_0y"] [Caught in: Module "__inst_a648e52c_1_1_d4"] [Caught in: Requiring module "__inst_3533c634_1_1_0y" which threw an exception] [Caught in: Requiring module "__inst_a648e52c_1_1_d4" which threw an exception] [Caught in: Module "__inst_3f1e98e4_1_1_GO"] [Caught in: Requiring module "__inst_a648e52c_1_1_d4" which threw an exception] [Caught in: Module "__inst_0bcc40a7_1_1_2F"] [Caught in: Requiring module "__inst_a648e52c_1_1_d4" which threw an exception] [Caught in: Module "__inst_553e54ec_1_1_Fp"] [Caught in: Requiring module "__inst_a648e52c_1_1_d4" which threw an exception] [Caught in: Module "__inst_98d9a45e_1_1_1g"] [Caught in: Requiring module "__inst_a648e52c_1_1_d4" which threw an exception] [Caught in: Module "__inst_cb5ee3f2_1_1_qS"]

Subsequent non-fatal errors won't be logged; see https://fburl.com/debugjs. {column: 180, clientTime: 1774066293, extra: Object, guardList: Array(4), hash: hbnqyj} @ https://static.xx.fbcdn.net/rsrc.php/v4/y0/r/FkDjuvZjYby.js:77
[   77825ms] [ERROR] ErrorUtils caught an error:

Could not find element "u_1_1a_/L" [Caught in: Module "__elem_3533c634_1_1_o3"] [Caught in: Module "__inst_3533c634_1_1_0y"] [Caught in: Module "__inst_a648e52c_1_1_d4"] [Caught in: Requiring module "__inst_3533c634_1_1_0y" which threw an exception] [Caught in: Requiring module "__inst_a648e52c_1_1_d4" which threw an exception] [Caught in: Module "__inst_3f1e98e4_1_1_GO"] [Caught in: Requiring module "__inst_a648e52c_1_1_d4" which threw an exception] [Caught in: Module "__inst_0bcc40a7_1_1_2F"] [Caught in: Requiring module "__inst_a648e52c_1_1_d4" which threw an exception] [Caught in: Module "__inst_553e54ec_1_1_Fp"] [Caught in: Requiring module "__inst_a648e52c_1_1_d4" which threw an exception] [Caught in: Module "__inst_98d9a45e_1_1_1g"] [Caught in: Requiring module "__inst_a648e52c_1_1_d4" which threw an exception] [Caught in: Module "__inst_cb5ee3f2_1_1_qS"] [Caught in: Requiring module "__inst_a648e52c_1_1_d4" which threw an exception] [Caught in: Module "__inst_70dbca80_1_1_JW"]

Subsequent non-fatal errors won't be logged; see https://fburl.com/debugjs. {column: 180, clientTime: 1774066293, extra: Object, guardList: Array(4), hash: hbnqyj} @ https://static.xx.fbcdn.net/rsrc.php/v4/y0/r/FkDjuvZjYby.js:77
[   77826ms] [ERROR] ErrorUtils caught an error:

Could not find element "u_1_1t_hL" [Caught in: Module "__elem_2106b0cc_1_3_my"] [Caught in: Module "__inst_b7ee1bfc_1_3_Ee"]

Subsequent non-fatal errors won't be logged; see https://fburl.com/debugjs. {column: 180, clientTime: 1774066293, extra: Object, guardList: Array(4), hash: aqdqcm} @ https://static.xx.fbcdn.net/rsrc.php/v4/y0/r/FkDjuvZjYby.js:77
[   77826ms] [ERROR] ErrorUtils caught an error:

Could not find element "u_1_1u_rM" [Caught in: Module "__elem_fc9f538f_1_3_cA"]

Subsequent non-fatal errors won't be logged; see https://fburl.com/debugjs. {column: 180, clientTime: 1774066293, extra: Object, guardList: Array(4), hash: sarqeb} @ https://static.xx.fbcdn.net/rsrc.php/v4/y0/r/FkDjuvZjYby.js:77
[   77826ms] [ERROR] ErrorUtils caught an error:

Could not find element "u_1_r_Zf" [Caught in: Module "__elem_a588f507_1_9_Gz"]

Subsequent non-fatal errors won't be logged; see https://fburl.com/debugjs. {column: 180, clientTime: 1774066293, extra: Object, guardList: Array(4), hash: bg1xph} @ https://static.xx.fbcdn.net/rsrc.php/v4/y0/r/FkDjuvZjYby.js:77
[   77826ms] [ERROR] ErrorUtils caught an error:

Could not find element "u_1_s_z+" [Caught in: Module "__elem_de92090e_1_3_co"]

Subsequent non-fatal errors won't be logged; see https://fburl.com/debugjs. {column: 180, clientTime: 1774066293, extra: Object, guardList: Array(4), hash: bg1xph} @ https://static.xx.fbcdn.net/rsrc.php/v4/y0/r/FkDjuvZjYby.js:77
[   77827ms] [ERROR] ErrorUtils caught an error:

Could not find element "u_1_t_MI" [Caught in: Module "__elem_072b8e64_1_5_Cu"]

Subsequent non-fatal errors won't be logged; see https://fburl.com/debugjs. {column: 180, clientTime: 1774066293, extra: Object, guardList: Array(4), hash: bg1xph} @ https://static.xx.fbcdn.net/rsrc.php/v4/y0/r/FkDjuvZjYby.js:77
[   77827ms] [ERROR] ErrorUtils caught an error:

Could not find element "u_1_28_E1" [Caught in: Module "__elem_2106b0cc_1_4_Xe"] [Caught in: Module "__inst_b7ee1bfc_1_4_im"]

Subsequent non-fatal errors won't be logged; see https://fburl.com/debugjs. {column: 180, clientTime: 1774066293, extra: Object, guardList: Array(4), hash: aqdqcm} @ https://static.xx.fbcdn.net/rsrc.php/v4/y0/r/FkDjuvZjYby.js:77
[   77827ms] [ERROR] ErrorUtils caught an error:

Could not find element "u_1_29_DL" [Caught in: Module "__elem_fc9f538f_1_4_f+"]

Subsequent non-fatal errors won't be logged; see https://fburl.com/debugjs. {column: 180, clientTime: 1774066293, extra: Object, guardList: Array(4), hash: sarqeb} @ https://static.xx.fbcdn.net/rsrc.php/v4/y0/r/FkDjuvZjYby.js:77
[   77832ms] [ERROR] ErrorUtils caught an error:

Could not find element "u_1_14_k1" [Caught in: Module "__elem_a588f507_1_a_KG"]

Subsequent non-fatal errors won't be logged; see https://fburl.com/debugjs. {column: 180, clientTime: 1774066293, extra: Object, guardList: Array(4), hash: bg1xph} @ https://static.xx.fbcdn.net/rsrc.php/v4/y0/r/FkDjuvZjYby.js:77
[   77833ms] [ERROR] ErrorUtils caught an error:

Could not find element "u_1_15_il" [Caught in: Module "__elem_de92090e_1_4_Pi"]

Subsequent non-fatal errors won't be logged; see https://fburl.com/debugjs. {column: 180, clientTime: 1774066293, extra: Object, guardList: Array(4), hash: bg1xph} @ https://static.xx.fbcdn.net/rsrc.php/v4/y0/r/FkDjuvZjYby.js:77
[   77833ms] [ERROR] ErrorUtils caught an error:

Could not find element "u_1_16_ao" [Caught in: Module "__elem_072b8e64_1_6_e9"]

Subsequent non-fatal errors won't be logged; see https://fburl.com/debugjs. {column: 180, clientTime: 1774066293, extra: Object, guardList: Array(4), hash: bg1xph} @ https://static.xx.fbcdn.net/rsrc.php/v4/y0/r/FkDjuvZjYby.js:77
[   77836ms] [ERROR] ErrorUtils caught an error:

Could not find element "u_1_1z_hs" [Caught in: Module "__elem_a648e52c_1_2_fv"]

Subsequent non-fatal errors won't be logged; see https://fburl.com/debugjs. {column: 180, clientTime: 1774066293, extra: Object, guardList: Array(4), hash: bg1xph} @ https://static.xx.fbcdn.net/rsrc.php/v4/y0/r/FkDjuvZjYby.js:77
[   77836ms] [ERROR] ErrorUtils caught an error:

Could not find element "u_1_22_Vo" [Caught in: Module "__elem_3533c634_1_2_Gp"] [Caught in: Module "__inst_3533c634_1_2_nS"] [Caught in: Module "__inst_a648e52c_1_2_em"]

Subsequent non-fatal errors won't be logged; see https://fburl.com/debugjs. {column: 180, clientTime: 1774066293, extra: Object, guardList: Array(4), hash: hbnqyj} @ https://static.xx.fbcdn.net/rsrc.php/v4/y0/r/FkDjuvZjYby.js:77
[   77836ms] [ERROR] ErrorUtils caught an error:

Could not find element "u_1_22_Vo" [Caught in: Module "__elem_3533c634_1_2_Gp"] [Caught in: Module "__inst_3533c634_1_2_nS"] [Caught in: Module "__inst_a648e52c_1_2_em"] [Caught in: Requiring module "__inst_3533c634_1_2_nS" which threw an exception]

Subsequent non-fatal errors won't be logged; see https://fburl.com/debugjs. {column: 180, clientTime: 1774066293, extra: Object, guardList: Array(4), hash: hbnqyj} @ https://static.xx.fbcdn.net/rsrc.php/v4/y0/r/FkDjuvZjYby.js:77
[   77837ms] [ERROR] ErrorUtils caught an error:

Could not find element "u_1_23_57" [Caught in: Module "__elem_2223e126_1_2_2l"] [Caught in: Module "__inst_2223e126_1_2_HZ"]

Subsequent non-fatal errors won't be logged; see https://fburl.com/debugjs. {column: 180, clientTime: 1774066293, extra: Object, guardList: Array(4), hash: cqf5fg} @ https://static.xx.fbcdn.net/rsrc.php/v4/y0/r/FkDjuvZjYby.js:77
[   77837ms] [ERROR] ErrorUtils caught an error:

Could not find element "u_1_1x_6G" [Caught in: Module "__elem_8937e029_1_2_cv"]

Subsequent non-fatal errors won't be logged; see https://fburl.com/debugjs. {column: 180, clientTime: 1774066293, extra: Object, guardList: Array(4), hash: bg1xph} @ https://static.xx.fbcdn.net/rsrc.php/v4/y0/r/FkDjuvZjYby.js:77
[   77837ms] [ERROR] ErrorUtils caught an error:

Could not find element "u_1_22_Vo" [Caught in: Module "__elem_3533c634_1_2_Gp"] [Caught in: Module "__inst_3533c634_1_2_nS"] [Caught in: Module "__inst_a648e52c_1_2_em"] [Caught in: Requiring module "__inst_3533c634_1_2_nS" which threw an exception] [Caught in: Requiring module "__inst_a648e52c_1_2_em" which threw an exception] [Caught in: Module "__inst_3f1e98e4_1_2_HV"]

Subsequent non-fatal errors won't be logged; see https://fburl.com/debugjs. {column: 180, clientTime: 1774066293, extra: Object, guardList: Array(4), hash: hbnqyj} @ https://static.xx.fbcdn.net/rsrc.php/v4/y0/r/FkDjuvZjYby.js:77
[   77837ms] [ERROR] ErrorUtils caught an error:

Could not find element "u_1_22_Vo" [Caught in: Module "__elem_3533c634_1_2_Gp"] [Caught in: Module "__inst_3533c634_1_2_nS"] [Caught in: Module "__inst_a648e52c_1_2_em"] [Caught in: Requiring module "__inst_3533c634_1_2_nS" which threw an exception] [Caught in: Requiring module "__inst_a648e52c_1_2_em" which threw an exception] [Caught in: Module "__inst_3f1e98e4_1_2_HV"] [Caught in: Requiring module "__inst_a648e52c_1_2_em" which threw an exception] [Caught in: Module "__inst_0bcc40a7_1_2_81"]

Subsequent non-fatal errors won't be logged; see https://fburl.com/debugjs. {column: 180, clientTime: 1774066293, extra: Object, guardList: Array(4), hash: hbnqyj} @ https://static.xx.fbcdn.net/rsrc.php/v4/y0/r/FkDjuvZjYby.js:77
[   77838ms] [ERROR] ErrorUtils caught an error:

Could not find element "u_1_22_Vo" [Caught in: Module "__elem_3533c634_1_2_Gp"] [Caught in: Module "__inst_3533c634_1_2_nS"] [Caught in: Module "__inst_a648e52c_1_2_em"] [Caught in: Requiring module "__inst_3533c634_1_2_nS" which threw an exception] [Caught in: Requiring module "__inst_a648e52c_1_2_em" which threw an exception] [Caught in: Module "__inst_3f1e98e4_1_2_HV"] [Caught in: Requiring module "__inst_a648e52c_1_2_em" which threw an exception] [Caught in: Module "__inst_0bcc40a7_1_2_81"] [Caught in: Requiring module "__inst_a648e52c_1_2_em" which threw an exception] [Caught in: Module "__inst_553e54ec_1_2_SS"]

Subsequent non-fatal errors won't be logged; see https://fburl.com/debugjs. {column: 180, clientTime: 1774066293, extra: Object, guardList: Array(4), hash: hbnqyj} @ https://static.xx.fbcdn.net/rsrc.php/v4/y0/r/FkDjuvZjYby.js:77
[   77838ms] [ERROR] ErrorUtils caught an error:

Could not find element "u_1_22_Vo" [Caught in: Module "__elem_3533c634_1_2_Gp"] [Caught in: Module "__inst_3533c634_1_2_nS"] [Caught in: Module "__inst_a648e52c_1_2_em"] [Caught in: Requiring module "__inst_3533c634_1_2_nS" which threw an exception] [Caught in: Requiring module "__inst_a648e52c_1_2_em" which threw an exception] [Caught in: Module "__inst_3f1e98e4_1_2_HV"] [Caught in: Requiring module "__inst_a648e52c_1_2_em" which threw an exception] [Caught in: Module "__inst_0bcc40a7_1_2_81"] [Caught in: Requiring module "__inst_a648e52c_1_2_em" which threw an exception] [Caught in: Module "__inst_553e54ec_1_2_SS"] [Caught in: Requiring module "__inst_a648e52c_1_2_em" which threw an exception] [Caught in: Module "__inst_98d9a45e_1_2_4t"]

Subsequent non-fatal errors won't be logged; see https://fburl.com/debugjs. {column: 180, clientTime: 1774066293, extra: Object, guardList: Array(4), hash: hbnqyj} @ https://static.xx.fbcdn.net/rsrc.php/v4/y0/r/FkDjuvZjYby.js:77
[   77838ms] [ERROR] ErrorUtils caught an error:

Could not find element "u_1_22_Vo" [Caught in: Module "__elem_3533c634_1_2_Gp"] [Caught in: Module "__inst_3533c634_1_2_nS"] [Caught in: Module "__inst_a648e52c_1_2_em"] [Caught in: Requiring module "__inst_3533c634_1_2_nS" which threw an exception] [Caught in: Requiring module "__inst_a648e52c_1_2_em" which threw an exception] [Caught in: Module "__inst_3f1e98e4_1_2_HV"] [Caught in: Requiring module "__inst_a648e52c_1_2_em" which threw an exception] [Caught in: Module "__inst_0bcc40a7_1_2_81"] [Caught in: Requiring module "__inst_a648e52c_1_2_em" which threw an exception] [Caught in: Module "__inst_553e54ec_1_2_SS"] [Caught in: Requiring module "__inst_a648e52c_1_2_em" which threw an exception] [Caught in: Module "__inst_98d9a45e_1_2_4t"] [Caught in: Requiring module "__inst_a648e52c_1_2_em" which threw an exception] [Caught in: Module "__inst_cb5ee3f2_1_2_OZ"]

Subsequent non-fatal errors won't be logged; see https://fburl.com/debugjs. {column: 180, clientTime: 1774066293, extra: Object, guardList: Array(4), hash: hbnqyj} @ https://static.xx.fbcdn.net/rsrc.php/v4/y0/r/FkDjuvZjYby.js:77
[   77838ms] [ERROR] ErrorUtils caught an error:

Could not find element "u_1_22_Vo" [Caught in: Module "__elem_3533c634_1_2_Gp"] [Caught in: Module "__inst_3533c634_1_2_nS"] [Caught in: Module "__inst_a648e52c_1_2_em"] [Caught in: Requiring module "__inst_3533c634_1_2_nS" which threw an exception] [Caught in: Requiring module "__inst_a648e52c_1_2_em" which threw an exception] [Caught in: Module "__inst_3f1e98e4_1_2_HV"] [Caught in: Requiring module "__inst_a648e52c_1_2_em" which threw an exception] [Caught in: Module "__inst_0bcc40a7_1_2_81"] [Caught in: Requiring module "__inst_a648e52c_1_2_em" which threw an exception] [Caught in: Module "__inst_553e54ec_1_2_SS"] [Caught in: Requiring module "__inst_a648e52c_1_2_em" which threw an exception] [Caught in: Module "__inst_98d9a45e_1_2_4t"] [Caught in: Requiring module "__inst_a648e52c_1_2_em" which threw an exception] [Caught in: Module "__inst_cb5ee3f2_1_2_OZ"] [Caught in: Requiring module "__inst_a648e52c_1_2_em" which threw an exception] [Caught in: Module "__inst_70dbca80_1_2_u/"]

Subsequent non-fatal errors won't be logged; see https://fburl.com/debugjs. {column: 180, clientTime: 1774066293, extra: Object, guardList: Array(4), hash: hbnqyj} @ https://static.xx.fbcdn.net/rsrc.php/v4/y0/r/FkDjuvZjYby.js:77
