[    4721ms] [WARNING] Failed to execute 'postMessage' on 'DOMWindow': The target origin provided ('https://www.youtube.com') does not match the recipient window's origin ('https://clubnautico.com.uy'). @ https://www.youtube.com/s/player/1ebf2aa6/www-widgetapi.vflset/www-widgetapi.js:209
[   24090ms] [ERROR] ErrorUtils caught an error:

Could not find element "u_1_2a_7R" [Caught in: Module "__elem_a588f507_1_0_Vv"]

Subsequent non-fatal errors won't be logged; see https://fburl.com/debugjs. {column: 180, clientTime: 1774065944, extra: Object, guardList: Array(4), hash: bg1xph} @ https://static.xx.fbcdn.net/rsrc.php/v4/y0/r/FkDjuvZjYby.js:77
[   24091ms] [ERROR] ErrorUtils caught an error:

DataStore.get: namespace is required, got undefined

Subsequent non-fatal errors won't be logged; see https://fburl.com/debugjs. {column: 694, clientTime: 1774065944, extra: Object, guardList: Array(4), hash: zjquh1} @ https://static.xx.fbcdn.net/rsrc.php/v4/y0/r/FkDjuvZjYby.js:77
[   24092ms] [ERROR] ErrorUtils caught an error:

Could not find element "u_1_1_42" [Caught in: Module "__elem_9fc087ed_1_0_wC"]

Subsequent non-fatal errors won't be logged; see https://fburl.com/debugjs. {column: 180, clientTime: 1774065944, extra: Object, guardList: Array(4), hash: bg1xph} @ https://static.xx.fbcdn.net/rsrc.php/v4/y0/r/FkDjuvZjYby.js:77
[   24093ms] [ERROR] ErrorUtils caught an error:

Could not find element "u_1_1_42" [Caught in: Module "__elem_9fc087ed_1_0_wC"] [Caught in: Requiring module "__elem_9fc087ed_1_0_wC" which threw an exception]

Subsequent non-fatal errors won't be logged; see https://fburl.com/debugjs. {column: 180, clientTime: 1774065944, extra: Object, guardList: Array(4), hash: bg1xph} @ https://static.xx.fbcdn.net/rsrc.php/v4/y0/r/FkDjuvZjYby.js:77
[   24093ms] [ERROR] ErrorUtils caught an error:

Could not find element "u_1_3_py" [Caught in: Module "__elem_9fc087ed_1_1_FQ"]

Subsequent non-fatal errors won't be logged; see https://fburl.com/debugjs. {column: 180, clientTime: 1774065944, extra: Object, guardList: Array(4), hash: bg1xph} @ https://static.xx.fbcdn.net/rsrc.php/v4/y0/r/FkDjuvZjYby.js:77
[   24093ms] [ERROR] ErrorUtils caught an error:

Could not find element "u_1_3_py" [Caught in: Module "__elem_9fc087ed_1_1_FQ"] [Caught in: Requiring module "__elem_9fc087ed_1_1_FQ" which threw an exception]

Subsequent non-fatal errors won't be logged; see https://fburl.com/debugjs. {column: 180, clientTime: 1774065944, extra: Object, guardList: Array(4), hash: bg1xph} @ https://static.xx.fbcdn.net/rsrc.php/v4/y0/r/FkDjuvZjYby.js:77
[   24094ms] [ERROR] ErrorUtils caught an error:

Could not find element "u_1_4_2R" [Caught in: Module "__elem_9fc087ed_1_2_UH"]

Subsequent non-fatal errors won't be logged; see https://fburl.com/debugjs. {column: 180, clientTime: 1774065944, extra: Object, guardList: Array(4), hash: bg1xph} @ https://static.xx.fbcdn.net/rsrc.php/v4/y0/r/FkDjuvZjYby.js:77
[   24094ms] [ERROR] ErrorUtils caught an error:

Could not find element "u_1_4_2R" [Caught in: Module "__elem_9fc087ed_1_2_UH"] [Caught in: Requiring module "__elem_9fc087ed_1_2_UH" which threw an exception]

Subsequent non-fatal errors won't be logged; see https://fburl.com/debugjs. {column: 180, clientTime: 1774065944, extra: Object, guardList: Array(4), hash: bg1xph} @ https://static.xx.fbcdn.net/rsrc.php/v4/y0/r/FkDjuvZjYby.js:77
[   24094ms] [ERROR] ErrorUtils caught an error:

Could not find element "u_1_0_5v" [Caught in: Module "__elem_9fc087ed_1_3_t2"]

Subsequent non-fatal errors won't be logged; see https://fburl.com/debugjs. {column: 180, clientTime: 1774065944, extra: Object, guardList: Array(4), hash: bg1xph} @ https://static.xx.fbcdn.net/rsrc.php/v4/y0/r/FkDjuvZjYby.js:77
[   24094ms] [ERROR] ErrorUtils caught an error:

Could not find element "u_1_0_5v" [Caught in: Module "__elem_9fc087ed_1_3_t2"] [Caught in: Requiring module "__elem_9fc087ed_1_3_t2" which threw an exception]

Subsequent non-fatal errors won't be logged; see https://fburl.com/debugjs. {column: 180, clientTime: 1774065944, extra: Object, guardList: Array(4), hash: bg1xph} @ https://static.xx.fbcdn.net/rsrc.php/v4/y0/r/FkDjuvZjYby.js:77
[   24094ms] [ERROR] ErrorUtils caught an error:

Could not find element "u_1_7_KG" [Caught in: Module "__elem_a588f507_1_2_yR"]

Subsequent non-fatal errors won't be logged; see https://fburl.com/debugjs. {column: 180, clientTime: 1774065944, extra: Object, guardList: Array(4), hash: bg1xph} @ https://static.xx.fbcdn.net/rsrc.php/v4/y0/r/FkDjuvZjYby.js:77
[   24095ms] [ERROR] ErrorUtils caught an error:

Could not find element "u_1_8_nv" [Caught in: Module "__elem_de92090e_1_0_Wd"]

Subsequent non-fatal errors won't be logged; see https://fburl.com/debugjs. {column: 180, clientTime: 1774065944, extra: Object, guardList: Array(4), hash: bg1xph} @ https://static.xx.fbcdn.net/rsrc.php/v4/y0/r/FkDjuvZjYby.js:77
[   24095ms] [ERROR] ErrorUtils caught an error:

Could not find element "u_1_9_Mg" [Caught in: Module "__elem_072b8e64_1_0_qR"]

Subsequent non-fatal errors won't be logged; see https://fburl.com/debugjs. {column: 180, clientTime: 1774065944, extra: Object, guardList: Array(4), hash: bg1xph} @ https://static.xx.fbcdn.net/rsrc.php/v4/y0/r/FkDjuvZjYby.js:77
[   24095ms] [ERROR] ErrorUtils caught an error:

Could not find element "u_1_15_C1" [Caught in: Module "__elem_2106b0cc_1_0_i8"] [Caught in: Module "__inst_b7ee1bfc_1_0_ME"]

Subsequent non-fatal errors won't be logged; see https://fburl.com/debugjs. {column: 180, clientTime: 1774065944, extra: Object, guardList: Array(4), hash: aqdqcm} @ https://static.xx.fbcdn.net/rsrc.php/v4/y0/r/FkDjuvZjYby.js:77
[   24095ms] [ERROR] ErrorUtils caught an error:

Could not find element "u_1_28_HO" [Caught in: Module "__elem_2106b0cc_1_1_zk"] [Caught in: Module "__inst_b7ee1bfc_1_1_x5"]

Subsequent non-fatal errors won't be logged; see https://fburl.com/debugjs. {column: 180, clientTime: 1774065944, extra: Object, guardList: Array(4), hash: aqdqcm} @ https://static.xx.fbcdn.net/rsrc.php/v4/y0/r/FkDjuvZjYby.js:77
[   24096ms] [ERROR] ErrorUtils caught an error:

Could not find element "u_1_e_xt" [Caught in: Module "__elem_a588f507_1_3_ns"]

Subsequent non-fatal errors won't be logged; see https://fburl.com/debugjs. {column: 180, clientTime: 1774065944, extra: Object, guardList: Array(4), hash: bg1xph} @ https://static.xx.fbcdn.net/rsrc.php/v4/y0/r/FkDjuvZjYby.js:77
[   24096ms] [ERROR] ErrorUtils caught an error:

Could not find element "u_1_f_UN" [Caught in: Module "__elem_de92090e_1_1_Hh"]

Subsequent non-fatal errors won't be logged; see https://fburl.com/debugjs. {column: 180, clientTime: 1774065944, extra: Object, guardList: Array(4), hash: bg1xph} @ https://static.xx.fbcdn.net/rsrc.php/v4/y0/r/FkDjuvZjYby.js:77
[   24096ms] [ERROR] ErrorUtils caught an error:

Could not find element "u_1_g_Nw" [Caught in: Module "__elem_072b8e64_1_1_3+"]

Subsequent non-fatal errors won't be logged; see https://fburl.com/debugjs. {column: 180, clientTime: 1774065944, extra: Object, guardList: Array(4), hash: bg1xph} @ https://static.xx.fbcdn.net/rsrc.php/v4/y0/r/FkDjuvZjYby.js:77
[   24097ms] [ERROR] ErrorUtils caught an error:

Could not find element "u_1_1k_G/" [Caught in: Module "__elem_2106b0cc_1_2_b7"] [Caught in: Module "__inst_b7ee1bfc_1_2_G3"]

Subsequent non-fatal errors won't be logged; see https://fburl.com/debugjs. {column: 180, clientTime: 1774065944, extra: Object, guardList: Array(4), hash: aqdqcm} @ https://static.xx.fbcdn.net/rsrc.php/v4/y0/r/FkDjuvZjYby.js:77
[   24097ms] [ERROR] ErrorUtils caught an error:

Could not find element "u_1_1x_Q6" [Caught in: Module "__elem_2106b0cc_1_3_c+"] [Caught in: Module "__inst_b7ee1bfc_1_3_+2"]

Subsequent non-fatal errors won't be logged; see https://fburl.com/debugjs. {column: 180, clientTime: 1774065944, extra: Object, guardList: Array(4), hash: aqdqcm} @ https://static.xx.fbcdn.net/rsrc.php/v4/y0/r/FkDjuvZjYby.js:77
[   24097ms] [ERROR] ErrorUtils caught an error:

Could not find element "u_1_2_BY" [Caught in: Module "__elem_9fc087ed_1_4_eX"]

Subsequent non-fatal errors won't be logged; see https://fburl.com/debugjs. {column: 180, clientTime: 1774065944, extra: Object, guardList: Array(4), hash: bg1xph} @ https://static.xx.fbcdn.net/rsrc.php/v4/y0/r/FkDjuvZjYby.js:77
[   24097ms] [ERROR] ErrorUtils caught an error:

Could not find element "u_1_2_BY" [Caught in: Module "__elem_9fc087ed_1_4_eX"] [Caught in: Requiring module "__elem_9fc087ed_1_4_eX" which threw an exception]

Subsequent non-fatal errors won't be logged; see https://fburl.com/debugjs. {column: 180, clientTime: 1774065944, extra: Object, guardList: Array(4), hash: bg1xph} @ https://static.xx.fbcdn.net/rsrc.php/v4/y0/r/FkDjuvZjYby.js:77
[   24098ms] [ERROR] ErrorUtils caught an error:

Could not find element "u_1_1y_+p" [Caught in: Module "__elem_fc9f538f_1_0_mU"]

Subsequent non-fatal errors won't be logged; see https://fburl.com/debugjs. {column: 180, clientTime: 1774065944, extra: Object, guardList: Array(4), hash: sarqeb} @ https://static.xx.fbcdn.net/rsrc.php/v4/y0/r/FkDjuvZjYby.js:77
[   24098ms] [ERROR] ErrorUtils caught an error:

Could not find element "u_1_1l_Rb" [Caught in: Module "__elem_fc9f538f_1_1_Eu"]

Subsequent non-fatal errors won't be logged; see https://fburl.com/debugjs. {column: 180, clientTime: 1774065944, extra: Object, guardList: Array(4), hash: sarqeb} @ https://static.xx.fbcdn.net/rsrc.php/v4/y0/r/FkDjuvZjYby.js:77
[   24098ms] [ERROR] ErrorUtils caught an error:

Could not find element "u_1_29_2D" [Caught in: Module "__elem_fc9f538f_1_2_Or"]

Subsequent non-fatal errors won't be logged; see https://fburl.com/debugjs. {column: 180, clientTime: 1774065944, extra: Object, guardList: Array(4), hash: sarqeb} @ https://static.xx.fbcdn.net/rsrc.php/v4/y0/r/FkDjuvZjYby.js:77
[   24098ms] [ERROR] ErrorUtils caught an error:

Could not find element "u_1_16_l5" [Caught in: Module "__elem_fc9f538f_1_3_u9"]

Subsequent non-fatal errors won't be logged; see https://fburl.com/debugjs. {column: 180, clientTime: 1774065944, extra: Object, guardList: Array(4), hash: sarqeb} @ https://static.xx.fbcdn.net/rsrc.php/v4/y0/r/FkDjuvZjYby.js:77
[   24099ms] [ERROR] ErrorUtils caught an error:

Could not find element "u_1_j_at" [Caught in: Module "__elem_a588f507_1_4_S4"]

Subsequent non-fatal errors won't be logged; see https://fburl.com/debugjs. {column: 180, clientTime: 1774065944, extra: Object, guardList: Array(4), hash: bg1xph} @ https://static.xx.fbcdn.net/rsrc.php/v4/y0/r/FkDjuvZjYby.js:77
[   24100ms] [ERROR] ErrorUtils caught an error:

Could not find element "u_1_k_ZJ" [Caught in: Module "__elem_de92090e_1_2_36"]

Subsequent non-fatal errors won't be logged; see https://fburl.com/debugjs. {column: 180, clientTime: 1774065944, extra: Object, guardList: Array(4), hash: bg1xph} @ https://static.xx.fbcdn.net/rsrc.php/v4/y0/r/FkDjuvZjYby.js:77
[   24100ms] [ERROR] ErrorUtils caught an error:

Could not find element "u_1_l_Yu" [Caught in: Module "__elem_072b8e64_1_2_yK"]

Subsequent non-fatal errors won't be logged; see https://fburl.com/debugjs. {column: 180, clientTime: 1774065944, extra: Object, guardList: Array(4), hash: bg1xph} @ https://static.xx.fbcdn.net/rsrc.php/v4/y0/r/FkDjuvZjYby.js:77
[   24100ms] [ERROR] ErrorUtils caught an error:

Could not find element "u_1_m_in" [Caught in: Module "__elem_a588f507_1_5_4d"]

Subsequent non-fatal errors won't be logged; see https://fburl.com/debugjs. {column: 180, clientTime: 1774065944, extra: Object, guardList: Array(4), hash: bg1xph} @ https://static.xx.fbcdn.net/rsrc.php/v4/y0/r/FkDjuvZjYby.js:77
[   24100ms] [ERROR] ErrorUtils caught an error:

Could not find element "u_1_n_Ku" [Caught in: Module "__elem_de92090e_1_3_XG"]

Subsequent non-fatal errors won't be logged; see https://fburl.com/debugjs. {column: 180, clientTime: 1774065944, extra: Object, guardList: Array(4), hash: bg1xph} @ https://static.xx.fbcdn.net/rsrc.php/v4/y0/r/FkDjuvZjYby.js:77
[   24100ms] [ERROR] ErrorUtils caught an error:

Could not find element "u_1_o_DV" [Caught in: Module "__elem_072b8e64_1_3_rY"]

Subsequent non-fatal errors won't be logged; see https://fburl.com/debugjs. {column: 180, clientTime: 1774065944, extra: Object, guardList: Array(4), hash: bg1xph} @ https://static.xx.fbcdn.net/rsrc.php/v4/y0/r/FkDjuvZjYby.js:77
[   24101ms] [ERROR] ErrorUtils caught an error:

Could not find element "u_1_13_ZB" [Caught in: Module "__elem_2106b0cc_1_4_qq"] [Caught in: Module "__inst_b7ee1bfc_1_4_Ul"]

Subsequent non-fatal errors won't be logged; see https://fburl.com/debugjs. {column: 180, clientTime: 1774065944, extra: Object, guardList: Array(4), hash: aqdqcm} @ https://static.xx.fbcdn.net/rsrc.php/v4/y0/r/FkDjuvZjYby.js:77
[   24101ms] [ERROR] ErrorUtils caught an error:

Could not find element "u_1_14_Ll" [Caught in: Module "__elem_fc9f538f_1_4_Vt"]

Subsequent non-fatal errors won't be logged; see https://fburl.com/debugjs. {column: 180, clientTime: 1774065944, extra: Object, guardList: Array(4), hash: sarqeb} @ https://static.xx.fbcdn.net/rsrc.php/v4/y0/r/FkDjuvZjYby.js:77
[   24101ms] [ERROR] ErrorUtils caught an error:

Could not find element "u_1_r_Ll" [Caught in: Module "__elem_a588f507_1_6_rn"]

Subsequent non-fatal errors won't be logged; see https://fburl.com/debugjs. {column: 180, clientTime: 1774065944, extra: Object, guardList: Array(4), hash: bg1xph} @ https://static.xx.fbcdn.net/rsrc.php/v4/y0/r/FkDjuvZjYby.js:77
[   24101ms] [ERROR] ErrorUtils caught an error:

Could not find element "u_1_s_Gq" [Caught in: Module "__elem_de92090e_1_4_yF"]

Subsequent non-fatal errors won't be logged; see https://fburl.com/debugjs. {column: 180, clientTime: 1774065944, extra: Object, guardList: Array(4), hash: bg1xph} @ https://static.xx.fbcdn.net/rsrc.php/v4/y0/r/FkDjuvZjYby.js:77
[   24102ms] [ERROR] ErrorUtils caught an error:

Could not find element "u_1_t_Cc" [Caught in: Module "__elem_072b8e64_1_4_EV"]

Subsequent non-fatal errors won't be logged; see https://fburl.com/debugjs. {column: 180, clientTime: 1774065944, extra: Object, guardList: Array(4), hash: bg1xph} @ https://static.xx.fbcdn.net/rsrc.php/v4/y0/r/FkDjuvZjYby.js:77
[   24102ms] [ERROR] ErrorUtils caught an error:

Could not find element "u_1_1z_1W" [Caught in: Module "__elem_a648e52c_1_0_8g"]

Subsequent non-fatal errors won't be logged; see https://fburl.com/debugjs. {column: 180, clientTime: 1774065944, extra: Object, guardList: Array(4), hash: bg1xph} @ https://static.xx.fbcdn.net/rsrc.php/v4/y0/r/FkDjuvZjYby.js:77
[   24103ms] [ERROR] ErrorUtils caught an error:

Could not find element "u_1_22_RS" [Caught in: Module "__elem_3533c634_1_0_c2"] [Caught in: Module "__inst_3533c634_1_0_TS"] [Caught in: Module "__inst_a648e52c_1_0_YV"]

Subsequent non-fatal errors won't be logged; see https://fburl.com/debugjs. {column: 180, clientTime: 1774065944, extra: Object, guardList: Array(4), hash: hbnqyj} @ https://static.xx.fbcdn.net/rsrc.php/v4/y0/r/FkDjuvZjYby.js:77
[   24103ms] [ERROR] ErrorUtils caught an error:

Could not find element "u_1_22_RS" [Caught in: Module "__elem_3533c634_1_0_c2"] [Caught in: Module "__inst_3533c634_1_0_TS"] [Caught in: Module "__inst_a648e52c_1_0_YV"] [Caught in: Requiring module "__inst_3533c634_1_0_TS" which threw an exception]

Subsequent non-fatal errors won't be logged; see https://fburl.com/debugjs. {column: 180, clientTime: 1774065944, extra: Object, guardList: Array(4), hash: hbnqyj} @ https://static.xx.fbcdn.net/rsrc.php/v4/y0/r/FkDjuvZjYby.js:77
[   24104ms] [ERROR] ErrorUtils caught an error:

Could not find element "u_1_23_1O" [Caught in: Module "__elem_2223e126_1_0_nJ"] [Caught in: Module "__inst_2223e126_1_0_8A"]

Subsequent non-fatal errors won't be logged; see https://fburl.com/debugjs. {column: 180, clientTime: 1774065944, extra: Object, guardList: Array(4), hash: cqf5fg} @ https://static.xx.fbcdn.net/rsrc.php/v4/y0/r/FkDjuvZjYby.js:77
[   24104ms] [ERROR] ErrorUtils caught an error:

Could not find element "u_1_17_6E" [Caught in: Module "__elem_8937e029_1_0_7h"]

Subsequent non-fatal errors won't be logged; see https://fburl.com/debugjs. {column: 180, clientTime: 1774065944, extra: Object, guardList: Array(4), hash: bg1xph} @ https://static.xx.fbcdn.net/rsrc.php/v4/y0/r/FkDjuvZjYby.js:77
[   24104ms] [ERROR] ErrorUtils caught an error:

Could not find element "u_1_22_RS" [Caught in: Module "__elem_3533c634_1_0_c2"] [Caught in: Module "__inst_3533c634_1_0_TS"] [Caught in: Module "__inst_a648e52c_1_0_YV"] [Caught in: Requiring module "__inst_3533c634_1_0_TS" which threw an exception] [Caught in: Requiring module "__inst_a648e52c_1_0_YV" which threw an exception] [Caught in: Module "__inst_3f1e98e4_1_0_+1"]

Subsequent non-fatal errors won't be logged; see https://fburl.com/debugjs. {column: 180, clientTime: 1774065944, extra: Object, guardList: Array(4), hash: hbnqyj} @ https://static.xx.fbcdn.net/rsrc.php/v4/y0/r/FkDjuvZjYby.js:77
[   24104ms] [ERROR] ErrorUtils caught an error:

Could not find element "u_1_22_RS" [Caught in: Module "__elem_3533c634_1_0_c2"] [Caught in: Module "__inst_3533c634_1_0_TS"] [Caught in: Module "__inst_a648e52c_1_0_YV"] [Caught in: Requiring module "__inst_3533c634_1_0_TS" which threw an exception] [Caught in: Requiring module "__inst_a648e52c_1_0_YV" which threw an exception] [Caught in: Module "__inst_3f1e98e4_1_0_+1"] [Caught in: Requiring module "__inst_a648e52c_1_0_YV" which threw an exception] [Caught in: Module "__inst_0bcc40a7_1_0_tZ"]

Subsequent non-fatal errors won't be logged; see https://fburl.com/debugjs. {column: 180, clientTime: 1774065944, extra: Object, guardList: Array(4), hash: hbnqyj} @ https://static.xx.fbcdn.net/rsrc.php/v4/y0/r/FkDjuvZjYby.js:77
[   24105ms] [ERROR] ErrorUtils caught an error:

Could not find element "u_1_22_RS" [Caught in: Module "__elem_3533c634_1_0_c2"] [Caught in: Module "__inst_3533c634_1_0_TS"] [Caught in: Module "__inst_a648e52c_1_0_YV"] [Caught in: Requiring module "__inst_3533c634_1_0_TS" which threw an exception] [Caught in: Requiring module "__inst_a648e52c_1_0_YV" which threw an exception] [Caught in: Module "__inst_3f1e98e4_1_0_+1"] [Caught in: Requiring module "__inst_a648e52c_1_0_YV" which threw an exception] [Caught in: Module "__inst_0bcc40a7_1_0_tZ"] [Caught in: Requiring module "__inst_a648e52c_1_0_YV" which threw an exception] [Caught in: Module "__inst_553e54ec_1_0_uM"]

Subsequent non-fatal errors won't be logged; see https://fburl.com/debugjs. {column: 180, clientTime: 1774065944, extra: Object, guardList: Array(4), hash: hbnqyj} @ https://static.xx.fbcdn.net/rsrc.php/v4/y0/r/FkDjuvZjYby.js:77
[   24105ms] [ERROR] ErrorUtils caught an error:

Could not find element "u_1_22_RS" [Caught in: Module "__elem_3533c634_1_0_c2"] [Caught in: Module "__inst_3533c634_1_0_TS"] [Caught in: Module "__inst_a648e52c_1_0_YV"] [Caught in: Requiring module "__inst_3533c634_1_0_TS" which threw an exception] [Caught in: Requiring module "__inst_a648e52c_1_0_YV" which threw an exception] [Caught in: Module "__inst_3f1e98e4_1_0_+1"] [Caught in: Requiring module "__inst_a648e52c_1_0_YV" which threw an exception] [Caught in: Module "__inst_0bcc40a7_1_0_tZ"] [Caught in: Requiring module "__inst_a648e52c_1_0_YV" which threw an exception] [Caught in: Module "__inst_553e54ec_1_0_uM"] [Caught in: Requiring module "__inst_a648e52c_1_0_YV" which threw an exception] [Caught in: Module "__inst_98d9a45e_1_0_vp"]

Subsequent non-fatal errors won't be logged; see https://fburl.com/debugjs. {column: 180, clientTime: 1774065944, extra: Object, guardList: Array(4), hash: hbnqyj} @ https://static.xx.fbcdn.net/rsrc.php/v4/y0/r/FkDjuvZjYby.js:77
[   24105ms] [ERROR] ErrorUtils caught an error:

Could not find element "u_1_22_RS" [Caught in: Module "__elem_3533c634_1_0_c2"] [Caught in: Module "__inst_3533c634_1_0_TS"] [Caught in: Module "__inst_a648e52c_1_0_YV"] [Caught in: Requiring module "__inst_3533c634_1_0_TS" which threw an exception] [Caught in: Requiring module "__inst_a648e52c_1_0_YV" which threw an exception] [Caught in: Module "__inst_3f1e98e4_1_0_+1"] [Caught in: Requiring module "__inst_a648e52c_1_0_YV" which threw an exception] [Caught in: Module "__inst_0bcc40a7_1_0_tZ"] [Caught in: Requiring module "__inst_a648e52c_1_0_YV" which threw an exception] [Caught in: Module "__inst_553e54ec_1_0_uM"] [Caught in: Requiring module "__inst_a648e52c_1_0_YV" which threw an exception] [Caught in: Module "__inst_98d9a45e_1_0_vp"] [Caught in: Requiring module "__inst_a648e52c_1_0_YV" which threw an exception] [Caught in: Module "__inst_cb5ee3f2_1_0_RN"]

Subsequent non-fatal errors won't be logged; see https://fburl.com/debugjs. {column: 180, clientTime: 1774065944, extra: Object, guardList: Array(4), hash: hbnqyj} @ https://static.xx.fbcdn.net/rsrc.php/v4/y0/r/FkDjuvZjYby.js:77
[   24106ms] [ERROR] ErrorUtils caught an error:

Could not find element "u_1_22_RS" [Caught in: Module "__elem_3533c634_1_0_c2"] [Caught in: Module "__inst_3533c634_1_0_TS"] [Caught in: Module "__inst_a648e52c_1_0_YV"] [Caught in: Requiring module "__inst_3533c634_1_0_TS" which threw an exception] [Caught in: Requiring module "__inst_a648e52c_1_0_YV" which threw an exception] [Caught in: Module "__inst_3f1e98e4_1_0_+1"] [Caught in: Requiring module "__inst_a648e52c_1_0_YV" which threw an exception] [Caught in: Module "__inst_0bcc40a7_1_0_tZ"] [Caught in: Requiring module "__inst_a648e52c_1_0_YV" which threw an exception] [Caught in: Module "__inst_553e54ec_1_0_uM"] [Caught in: Requiring module "__inst_a648e52c_1_0_YV" which threw an exception] [Caught in: Module "__inst_98d9a45e_1_0_vp"] [Caught in: Requiring module "__inst_a648e52c_1_0_YV" which threw an exception] [Caught in: Module "__inst_cb5ee3f2_1_0_RN"] [Caught in: Requiring module "__inst_a648e52c_1_0_YV" which threw an exception] [Caught in: Module "__inst_70dbca80_1_0_Re"]

Subsequent non-fatal errors won't be logged; see https://fburl.com/debugjs. {column: 180, clientTime: 1774065944, extra: Object, guardList: Array(4), hash: hbnqyj} @ https://static.xx.fbcdn.net/rsrc.php/v4/y0/r/FkDjuvZjYby.js:77
[   24106ms] [ERROR] ErrorUtils caught an error:

Could not find element "u_1_1b_8x" [Caught in: Module "__elem_a648e52c_1_1_Jb"]

Subsequent non-fatal errors won't be logged; see https://fburl.com/debugjs. {column: 180, clientTime: 1774065944, extra: Object, guardList: Array(4), hash: bg1xph} @ https://static.xx.fbcdn.net/rsrc.php/v4/y0/r/FkDjuvZjYby.js:77
[   24106ms] [ERROR] ErrorUtils caught an error:

Could not find element "u_1_1e_6M" [Caught in: Module "__elem_3533c634_1_1_rG"] [Caught in: Module "__inst_3533c634_1_1_KZ"] [Caught in: Module "__inst_a648e52c_1_1_1e"]

Subsequent non-fatal errors won't be logged; see https://fburl.com/debugjs. {column: 180, clientTime: 1774065944, extra: Object, guardList: Array(4), hash: hbnqyj} @ https://static.xx.fbcdn.net/rsrc.php/v4/y0/r/FkDjuvZjYby.js:77
[   24106ms] [ERROR] ErrorUtils caught an error:

Could not find element "u_1_1e_6M" [Caught in: Module "__elem_3533c634_1_1_rG"] [Caught in: Module "__inst_3533c634_1_1_KZ"] [Caught in: Module "__inst_a648e52c_1_1_1e"] [Caught in: Requiring module "__inst_3533c634_1_1_KZ" which threw an exception]

Subsequent non-fatal errors won't be logged; see https://fburl.com/debugjs. {column: 180, clientTime: 1774065944, extra: Object, guardList: Array(4), hash: hbnqyj} @ https://static.xx.fbcdn.net/rsrc.php/v4/y0/r/FkDjuvZjYby.js:77
[   24107ms] [ERROR] ErrorUtils caught an error:

Could not find element "u_1_1f_WK" [Caught in: Module "__elem_2223e126_1_1_Tj"] [Caught in: Module "__inst_2223e126_1_1_YZ"]

Subsequent non-fatal errors won't be logged; see https://fburl.com/debugjs. {column: 180, clientTime: 1774065944, extra: Object, guardList: Array(4), hash: cqf5fg} @ https://static.xx.fbcdn.net/rsrc.php/v4/y0/r/FkDjuvZjYby.js:77
[   24107ms] [ERROR] ErrorUtils caught an error:

Could not find element "u_1_19_pT" [Caught in: Module "__elem_8937e029_1_1_96"]

Subsequent non-fatal errors won't be logged; see https://fburl.com/debugjs. {column: 180, clientTime: 1774065944, extra: Object, guardList: Array(4), hash: bg1xph} @ https://static.xx.fbcdn.net/rsrc.php/v4/y0/r/FkDjuvZjYby.js:77
[   24107ms] [ERROR] ErrorUtils caught an error:

Could not find element "u_1_1e_6M" [Caught in: Module "__elem_3533c634_1_1_rG"] [Caught in: Module "__inst_3533c634_1_1_KZ"] [Caught in: Module "__inst_a648e52c_1_1_1e"] [Caught in: Requiring module "__inst_3533c634_1_1_KZ" which threw an exception] [Caught in: Requiring module "__inst_a648e52c_1_1_1e" which threw an exception] [Caught in: Module "__inst_3f1e98e4_1_1_Rr"]

Subsequent non-fatal errors won't be logged; see https://fburl.com/debugjs. {column: 180, clientTime: 1774065944, extra: Object, guardList: Array(4), hash: hbnqyj} @ https://static.xx.fbcdn.net/rsrc.php/v4/y0/r/FkDjuvZjYby.js:77
[   24107ms] [ERROR] ErrorUtils caught an error:

Could not find element "u_1_1e_6M" [Caught in: Module "__elem_3533c634_1_1_rG"] [Caught in: Module "__inst_3533c634_1_1_KZ"] [Caught in: Module "__inst_a648e52c_1_1_1e"] [Caught in: Requiring module "__inst_3533c634_1_1_KZ" which threw an exception] [Caught in: Requiring module "__inst_a648e52c_1_1_1e" which threw an exception] [Caught in: Module "__inst_3f1e98e4_1_1_Rr"] [Caught in: Requiring module "__inst_a648e52c_1_1_1e" which threw an exception] [Caught in: Module "__inst_0bcc40a7_1_1_uT"]

Subsequent non-fatal errors won't be logged; see https://fburl.com/debugjs. {column: 180, clientTime: 1774065944, extra: Object, guardList: Array(4), hash: hbnqyj} @ https://static.xx.fbcdn.net/rsrc.php/v4/y0/r/FkDjuvZjYby.js:77
[   24108ms] [ERROR] ErrorUtils caught an error:

Could not find element "u_1_1e_6M" [Caught in: Module "__elem_3533c634_1_1_rG"] [Caught in: Module "__inst_3533c634_1_1_KZ"] [Caught in: Module "__inst_a648e52c_1_1_1e"] [Caught in: Requiring module "__inst_3533c634_1_1_KZ" which threw an exception] [Caught in: Requiring module "__inst_a648e52c_1_1_1e" which threw an exception] [Caught in: Module "__inst_3f1e98e4_1_1_Rr"] [Caught in: Requiring module "__inst_a648e52c_1_1_1e" which threw an exception] [Caught in: Module "__inst_0bcc40a7_1_1_uT"] [Caught in: Requiring module "__inst_a648e52c_1_1_1e" which threw an exception] [Caught in: Module "__inst_553e54ec_1_1_+W"]

Subsequent non-fatal errors won't be logged; see https://fburl.com/debugjs. {column: 180, clientTime: 1774065944, extra: Object, guardList: Array(4), hash: hbnqyj} @ https://static.xx.fbcdn.net/rsrc.php/v4/y0/r/FkDjuvZjYby.js:77
[   24108ms] [ERROR] ErrorUtils caught an error:

Could not find element "u_1_1e_6M" [Caught in: Module "__elem_3533c634_1_1_rG"] [Caught in: Module "__inst_3533c634_1_1_KZ"] [Caught in: Module "__inst_a648e52c_1_1_1e"] [Caught in: Requiring module "__inst_3533c634_1_1_KZ" which threw an exception] [Caught in: Requiring module "__inst_a648e52c_1_1_1e" which threw an exception] [Caught in: Module "__inst_3f1e98e4_1_1_Rr"] [Caught in: Requiring module "__inst_a648e52c_1_1_1e" which threw an exception] [Caught in: Module "__inst_0bcc40a7_1_1_uT"] [Caught in: Requiring module "__inst_a648e52c_1_1_1e" which threw an exception] [Caught in: Module "__inst_553e54ec_1_1_+W"] [Caught in: Requiring module "__inst_a648e52c_1_1_1e" which threw an exception] [Caught in: Module "__inst_98d9a45e_1_1_cb"]

Subsequent non-fatal errors won't be logged; see https://fburl.com/debugjs. {column: 180, clientTime: 1774065944, extra: Object, guardList: Array(4), hash: hbnqyj} @ https://static.xx.fbcdn.net/rsrc.php/v4/y0/r/FkDjuvZjYby.js:77
[   24108ms] [ERROR] ErrorUtils caught an error:

Could not find element "u_1_1e_6M" [Caught in: Module "__elem_3533c634_1_1_rG"] [Caught in: Module "__inst_3533c634_1_1_KZ"] [Caught in: Module "__inst_a648e52c_1_1_1e"] [Caught in: Requiring module "__inst_3533c634_1_1_KZ" which threw an exception] [Caught in: Requiring module "__inst_a648e52c_1_1_1e" which threw an exception] [Caught in: Module "__inst_3f1e98e4_1_1_Rr"] [Caught in: Requiring module "__inst_a648e52c_1_1_1e" which threw an exception] [Caught in: Module "__inst_0bcc40a7_1_1_uT"] [Caught in: Requiring module "__inst_a648e52c_1_1_1e" which threw an exception] [Caught in: Module "__inst_553e54ec_1_1_+W"] [Caught in: Requiring module "__inst_a648e52c_1_1_1e" which threw an exception] [Caught in: Module "__inst_98d9a45e_1_1_cb"] [Caught in: Requiring module "__inst_a648e52c_1_1_1e" which threw an exception] [Caught in: Module "__inst_cb5ee3f2_1_1_yf"]

Subsequent non-fatal errors won't be logged; see https://fburl.com/debugjs. {column: 180, clientTime: 1774065944, extra: Object, guardList: Array(4), hash: hbnqyj} @ https://static.xx.fbcdn.net/rsrc.php/v4/y0/r/FkDjuvZjYby.js:77
[   24108ms] [ERROR] ErrorUtils caught an error:

Could not find element "u_1_1e_6M" [Caught in: Module "__elem_3533c634_1_1_rG"] [Caught in: Module "__inst_3533c634_1_1_KZ"] [Caught in: Module "__inst_a648e52c_1_1_1e"] [Caught in: Requiring module "__inst_3533c634_1_1_KZ" which threw an exception] [Caught in: Requiring module "__inst_a648e52c_1_1_1e" which threw an exception] [Caught in: Module "__inst_3f1e98e4_1_1_Rr"] [Caught in: Requiring module "__inst_a648e52c_1_1_1e" which threw an exception] [Caught in: Module "__inst_0bcc40a7_1_1_uT"] [Caught in: Requiring module "__inst_a648e52c_1_1_1e" which threw an exception] [Caught in: Module "__inst_553e54ec_1_1_+W"] [Caught in: Requiring module "__inst_a648e52c_1_1_1e" which threw an exception] [Caught in: Module "__inst_98d9a45e_1_1_cb"] [Caught in: Requiring module "__inst_a648e52c_1_1_1e" which threw an exception] [Caught in: Module "__inst_cb5ee3f2_1_1_yf"] [Caught in: Requiring module "__inst_a648e52c_1_1_1e" which threw an exception] [Caught in: Module "__inst_70dbca80_1_1_Wb"]

Subsequent non-fatal errors won't be logged; see https://fburl.com/debugjs. {column: 180, clientTime: 1774065944, extra: Object, guardList: Array(4), hash: hbnqyj} @ https://static.xx.fbcdn.net/rsrc.php/v4/y0/r/FkDjuvZjYby.js:77
[   24112ms] [ERROR] ErrorUtils caught an error:

Could not find element "u_1_1o_Oo" [Caught in: Module "__elem_a648e52c_1_2_QE"]

Subsequent non-fatal errors won't be logged; see https://fburl.com/debugjs. {column: 180, clientTime: 1774065944, extra: Object, guardList: Array(4), hash: bg1xph} @ https://static.xx.fbcdn.net/rsrc.php/v4/y0/r/FkDjuvZjYby.js:77
[   24113ms] [ERROR] ErrorUtils caught an error:

Could not find element "u_1_1r_qJ" [Caught in: Module "__elem_3533c634_1_2_ZB"] [Caught in: Module "__inst_3533c634_1_2_F0"] [Caught in: Module "__inst_a648e52c_1_2_yj"]

Subsequent non-fatal errors won't be logged; see https://fburl.com/debugjs. {column: 180, clientTime: 1774065944, extra: Object, guardList: Array(4), hash: hbnqyj} @ https://static.xx.fbcdn.net/rsrc.php/v4/y0/r/FkDjuvZjYby.js:77
[   24113ms] [ERROR] ErrorUtils caught an error:

Could not find element "u_1_1r_qJ" [Caught in: Module "__elem_3533c634_1_2_ZB"] [Caught in: Module "__inst_3533c634_1_2_F0"] [Caught in: Module "__inst_a648e52c_1_2_yj"] [Caught in: Requiring module "__inst_3533c634_1_2_F0" which threw an exception]

Subsequent non-fatal errors won't be logged; see https://fburl.com/debugjs. {column: 180, clientTime: 1774065944, extra: Object, guardList: Array(4), hash: hbnqyj} @ https://static.xx.fbcdn.net/rsrc.php/v4/y0/r/FkDjuvZjYby.js:77
[   24113ms] [ERROR] ErrorUtils caught an error:

Could not find element "u_1_1s_w1" [Caught in: Module "__elem_2223e126_1_2_zN"] [Caught in: Module "__inst_2223e126_1_2_Jd"]

Subsequent non-fatal errors won't be logged; see https://fburl.com/debugjs. {column: 180, clientTime: 1774065944, extra: Object, guardList: Array(4), hash: cqf5fg} @ https://static.xx.fbcdn.net/rsrc.php/v4/y0/r/FkDjuvZjYby.js:77
[   24114ms] [ERROR] ErrorUtils caught an error:

Could not find element "u_1_1m_ru" [Caught in: Module "__elem_8937e029_1_2_aA"]

Subsequent non-fatal errors won't be logged; see https://fburl.com/debugjs. {column: 180, clientTime: 1774065944, extra: Object, guardList: Array(4), hash: bg1xph} @ https://static.xx.fbcdn.net/rsrc.php/v4/y0/r/FkDjuvZjYby.js:77
[   24114ms] [ERROR] ErrorUtils caught an error:

Could not find element "u_1_1r_qJ" [Caught in: Module "__elem_3533c634_1_2_ZB"] [Caught in: Module "__inst_3533c634_1_2_F0"] [Caught in: Module "__inst_a648e52c_1_2_yj"] [Caught in: Requiring module "__inst_3533c634_1_2_F0" which threw an exception] [Caught in: Requiring module "__inst_a648e52c_1_2_yj" which threw an exception] [Caught in: Module "__inst_3f1e98e4_1_2_XX"]

Subsequent non-fatal errors won't be logged; see https://fburl.com/debugjs. {column: 180, clientTime: 1774065944, extra: Object, guardList: Array(4), hash: hbnqyj} @ https://static.xx.fbcdn.net/rsrc.php/v4/y0/r/FkDjuvZjYby.js:77
[   24114ms] [ERROR] ErrorUtils caught an error:

Could not find element "u_1_1r_qJ" [Caught in: Module "__elem_3533c634_1_2_ZB"] [Caught in: Module "__inst_3533c634_1_2_F0"] [Caught in: Module "__inst_a648e52c_1_2_yj"] [Caught in: Requiring module "__inst_3533c634_1_2_F0" which threw an exception] [Caught in: Requiring module "__inst_a648e52c_1_2_yj" which threw an exception] [Caught in: Module "__inst_3f1e98e4_1_2_XX"] [Caught in: Requiring module "__inst_a648e52c_1_2_yj" which threw an exception] [Caught in: Module "__inst_0bcc40a7_1_2_Fl"]

Subsequent non-fatal errors won't be logged; see https://fburl.com/debugjs. {column: 180, clientTime: 1774065944, extra: Object, guardList: Array(4), hash: hbnqyj} @ https://static.xx.fbcdn.net/rsrc.php/v4/y0/r/FkDjuvZjYby.js:77
[   24114ms] [ERROR] ErrorUtils caught an error:

Could not find element "u_1_1r_qJ" [Caught in: Module "__elem_3533c634_1_2_ZB"] [Caught in: Module "__inst_3533c634_1_2_F0"] [Caught in: Module "__inst_a648e52c_1_2_yj"] [Caught in: Requiring module "__inst_3533c634_1_2_F0" which threw an exception] [Caught in: Requiring module "__inst_a648e52c_1_2_yj" which threw an exception] [Caught in: Module "__inst_3f1e98e4_1_2_XX"] [Caught in: Requiring module "__inst_a648e52c_1_2_yj" which threw an exception] [Caught in: Module "__inst_0bcc40a7_1_2_Fl"] [Caught in: Requiring module "__inst_a648e52c_1_2_yj" which threw an exception] [Caught in: Module "__inst_553e54ec_1_2_00"]

Subsequent non-fatal errors won't be logged; see https://fburl.com/debugjs. {column: 180, clientTime: 1774065944, extra: Object, guardList: Array(4), hash: hbnqyj} @ https://static.xx.fbcdn.net/rsrc.php/v4/y0/r/FkDjuvZjYby.js:77
[   24114ms] [ERROR] ErrorUtils caught an error:

Could not find element "u_1_1r_qJ" [Caught in: Module "__elem_3533c634_1_2_ZB"] [Caught in: Module "__inst_3533c634_1_2_F0"] [Caught in: Module "__inst_a648e52c_1_2_yj"] [Caught in: Requiring module "__inst_3533c634_1_2_F0" which threw an exception] [Caught in: Requiring module "__inst_a648e52c_1_2_yj" which threw an exception] [Caught in: Module "__inst_3f1e98e4_1_2_XX"] [Caught in: Requiring module "__inst_a648e52c_1_2_yj" which threw an exception] [Caught in: Module "__inst_0bcc40a7_1_2_Fl"] [Caught in: Requiring module "__inst_a648e52c_1_2_yj" which threw an exception] [Caught in: Module "__inst_553e54ec_1_2_00"] [Caught in: Requiring module "__inst_a648e52c_1_2_yj" which threw an exception] [Caught in: Module "__inst_98d9a45e_1_2_J2"]

Subsequent non-fatal errors won't be logged; see https://fburl.com/debugjs. {column: 180, clientTime: 1774065944, extra: Object, guardList: Array(4), hash: hbnqyj} @ https://static.xx.fbcdn.net/rsrc.php/v4/y0/r/FkDjuvZjYby.js:77
[   24115ms] [ERROR] ErrorUtils caught an error:

Could not find element "u_1_1r_qJ" [Caught in: Module "__elem_3533c634_1_2_ZB"] [Caught in: Module "__inst_3533c634_1_2_F0"] [Caught in: Module "__inst_a648e52c_1_2_yj"] [Caught in: Requiring module "__inst_3533c634_1_2_F0" which threw an exception] [Caught in: Requiring module "__inst_a648e52c_1_2_yj" which threw an exception] [Caught in: Module "__inst_3f1e98e4_1_2_XX"] [Caught in: Requiring module "__inst_a648e52c_1_2_yj" which threw an exception] [Caught in: Module "__inst_0bcc40a7_1_2_Fl"] [Caught in: Requiring module "__inst_a648e52c_1_2_yj" which threw an exception] [Caught in: Module "__inst_553e54ec_1_2_00"] [Caught in: Requiring module "__inst_a648e52c_1_2_yj" which threw an exception] [Caught in: Module "__inst_98d9a45e_1_2_J2"] [Caught in: Requiring module "__inst_a648e52c_1_2_yj" which threw an exception] [Caught in: Module "__inst_cb5ee3f2_1_2_Qe"]

Subsequent non-fatal errors won't be logged; see https://fburl.com/debugjs. {column: 180, clientTime: 1774065944, extra: Object, guardList: Array(4), hash: hbnqyj} @ https://static.xx.fbcdn.net/rsrc.php/v4/y0/r/FkDjuvZjYby.js:77
[   24115ms] [ERROR] ErrorUtils caught an error:

Could not find element "u_1_1r_qJ" [Caught in: Module "__elem_3533c634_1_2_ZB"] [Caught in: Module "__inst_3533c634_1_2_F0"] [Caught in: Module "__inst_a648e52c_1_2_yj"] [Caught in: Requiring module "__inst_3533c634_1_2_F0" which threw an exception] [Caught in: Requiring module "__inst_a648e52c_1_2_yj" which threw an exception] [Caught in: Module "__inst_3f1e98e4_1_2_XX"] [Caught in: Requiring module "__inst_a648e52c_1_2_yj" which threw an exception] [Caught in: Module "__inst_0bcc40a7_1_2_Fl"] [Caught in: Requiring module "__inst_a648e52c_1_2_yj" which threw an exception] [Caught in: Module "__inst_553e54ec_1_2_00"] [Caught in: Requiring module "__inst_a648e52c_1_2_yj" which threw an exception] [Caught in: Module "__inst_98d9a45e_1_2_J2"] [Caught in: Requiring module "__inst_a648e52c_1_2_yj" which threw an exception] [Caught in: Module "__inst_cb5ee3f2_1_2_Qe"] [Caught in: Requiring module "__inst_a648e52c_1_2_yj" which threw an exception] [Caught in: Module "__inst_70dbca80_1_2_qB"]

Subsequent non-fatal errors won't be logged; see https://fburl.com/debugjs. {column: 180, clientTime: 1774065944, extra: Object, guardList: Array(4), hash: hbnqyj} @ https://static.xx.fbcdn.net/rsrc.php/v4/y0/r/FkDjuvZjYby.js:77
