[      42ms] [ERROR] Failed to load resource: the server responded with a status of 404 (Not Found) @ http://localhost:3456/images/logo.png:0
[      65ms] [ERROR] Failed to load resource: the server responded with a status of 404 (Not Found) @ http://localhost:3456/images/logo.png:0
[    1152ms] [ERROR] Access to XMLHttpRequest at 'https://googleads.g.doubleclick.net/pagead/id?slf_rd=1' (redirected from 'https://googleads.g.doubleclick.net/pagead/id') from origin 'https://www.youtube.com' has been blocked by CORS policy: No 'Access-Control-Allow-Origin' header is present on the requested resource. @ https://www.youtube.com/embed/random9:0
[    1153ms] [ERROR] Failed to load resource: net::ERR_FAILED @ https://googleads.g.doubleclick.net/pagead/id?slf_rd=1:0
[    1154ms] [ERROR] Access to XMLHttpRequest at 'https://googleads.g.doubleclick.net/pagead/id?slf_rd=1' (redirected from 'https://googleads.g.doubleclick.net/pagead/id') from origin 'https://www.youtube.com' has been blocked by CORS policy: No 'Access-Control-Allow-Origin' header is present on the requested resource. @ https://www.youtube.com/embed/random2:0
[    1155ms] [ERROR] Failed to load resource: net::ERR_FAILED @ https://googleads.g.doubleclick.net/pagead/id?slf_rd=1:0
[    1333ms] [ERROR] Access to XMLHttpRequest at 'https://googleads.g.doubleclick.net/pagead/id?slf_rd=1' (redirected from 'https://googleads.g.doubleclick.net/pagead/id') from origin 'https://www.youtube.com' has been blocked by CORS policy: No 'Access-Control-Allow-Origin' header is present on the requested resource. @ https://www.youtube.com/embed/videoseries?list=PLrandom1:0
[    1333ms] [ERROR] Failed to load resource: net::ERR_FAILED @ https://googleads.g.doubleclick.net/pagead/id?slf_rd=1:0
[    1456ms] [ERROR] Access to XMLHttpRequest at 'https://googleads.g.doubleclick.net/pagead/id?slf_rd=1' (redirected from 'https://googleads.g.doubleclick.net/pagead/id') from origin 'https://www.youtube.com' has been blocked by CORS policy: No 'Access-Control-Allow-Origin' header is present on the requested resource. @ https://www.youtube.com/embed/random4:0
[    1457ms] [ERROR] Failed to load resource: net::ERR_FAILED @ https://googleads.g.doubleclick.net/pagead/id?slf_rd=1:0
[    1542ms] [ERROR] Access to XMLHttpRequest at 'https://googleads.g.doubleclick.net/pagead/id?slf_rd=1' (redirected from 'https://googleads.g.doubleclick.net/pagead/id') from origin 'https://www.youtube.com' has been blocked by CORS policy: No 'Access-Control-Allow-Origin' header is present on the requested resource. @ https://www.youtube.com/embed/random10:0
[    1543ms] [ERROR] Failed to load resource: net::ERR_FAILED @ https://googleads.g.doubleclick.net/pagead/id?slf_rd=1:0
[    1571ms] [ERROR] Access to XMLHttpRequest at 'https://googleads.g.doubleclick.net/pagead/id?slf_rd=1' (redirected from 'https://googleads.g.doubleclick.net/pagead/id') from origin 'https://www.youtube.com' has been blocked by CORS policy: No 'Access-Control-Allow-Origin' header is present on the requested resource. @ https://www.youtube.com/embed/cZ_KqNJYqTs:0
[    1571ms] [ERROR] Failed to load resource: net::ERR_FAILED @ https://googleads.g.doubleclick.net/pagead/id?slf_rd=1:0
[    1581ms] [ERROR] Access to XMLHttpRequest at 'https://googleads.g.doubleclick.net/pagead/id?slf_rd=1' (redirected from 'https://googleads.g.doubleclick.net/pagead/id') from origin 'https://www.youtube.com' has been blocked by CORS policy: No 'Access-Control-Allow-Origin' header is present on the requested resource. @ https://www.youtube.com/embed/random6:0
[    1582ms] [ERROR] Failed to load resource: net::ERR_FAILED @ https://googleads.g.doubleclick.net/pagead/id?slf_rd=1:0
[    1656ms] [ERROR] Access to XMLHttpRequest at 'https://googleads.g.doubleclick.net/pagead/id?slf_rd=1' (redirected from 'https://googleads.g.doubleclick.net/pagead/id') from origin 'https://www.youtube.com' has been blocked by CORS policy: No 'Access-Control-Allow-Origin' header is present on the requested resource. @ https://www.youtube.com/embed/random3:0
[    1657ms] [ERROR] Failed to load resource: net::ERR_FAILED @ https://googleads.g.doubleclick.net/pagead/id?slf_rd=1:0
[    1717ms] [ERROR] Access to XMLHttpRequest at 'https://googleads.g.doubleclick.net/pagead/id?slf_rd=1' (redirected from 'https://googleads.g.doubleclick.net/pagead/id') from origin 'https://www.youtube.com' has been blocked by CORS policy: No 'Access-Control-Allow-Origin' header is present on the requested resource. @ https://www.youtube.com/embed/random11:0
[    1717ms] [ERROR] Failed to load resource: net::ERR_FAILED @ https://googleads.g.doubleclick.net/pagead/id?slf_rd=1:0
[    1736ms] [ERROR] Access to XMLHttpRequest at 'https://googleads.g.doubleclick.net/pagead/id?slf_rd=1' (redirected from 'https://googleads.g.doubleclick.net/pagead/id') from origin 'https://www.youtube.com' has been blocked by CORS policy: No 'Access-Control-Allow-Origin' header is present on the requested resource. @ https://www.youtube.com/embed/random5:0
[    1737ms] [ERROR] Failed to load resource: net::ERR_FAILED @ https://googleads.g.doubleclick.net/pagead/id?slf_rd=1:0
[    1752ms] [ERROR] Access to XMLHttpRequest at 'https://googleads.g.doubleclick.net/pagead/id?slf_rd=1' (redirected from 'https://googleads.g.doubleclick.net/pagead/id') from origin 'https://www.youtube.com' has been blocked by CORS policy: No 'Access-Control-Allow-Origin' header is present on the requested resource. @ https://www.youtube.com/embed/random8:0
[    1753ms] [ERROR] Failed to load resource: net::ERR_FAILED @ https://googleads.g.doubleclick.net/pagead/id?slf_rd=1:0
[    1806ms] [ERROR] Access to XMLHttpRequest at 'https://googleads.g.doubleclick.net/pagead/id?slf_rd=1' (redirected from 'https://googleads.g.doubleclick.net/pagead/id') from origin 'https://www.youtube.com' has been blocked by CORS policy: No 'Access-Control-Allow-Origin' header is present on the requested resource. @ https://www.youtube.com/embed/random7:0
[    1806ms] [ERROR] Failed to load resource: net::ERR_FAILED @ https://googleads.g.doubleclick.net/pagead/id?slf_rd=1:0
[  121255ms] [ERROR] Access to XMLHttpRequest at 'https://googleads.g.doubleclick.net/pagead/id?slf_rd=1' (redirected from 'https://googleads.g.doubleclick.net/pagead/id') from origin 'https://www.youtube.com' has been blocked by CORS policy: No 'Access-Control-Allow-Origin' header is present on the requested resource. @ https://www.youtube.com/embed/random9:0
[  121255ms] [ERROR] Failed to load resource: net::ERR_FAILED @ https://googleads.g.doubleclick.net/pagead/id?slf_rd=1:0
[  121296ms] [ERROR] Access to XMLHttpRequest at 'https://googleads.g.doubleclick.net/pagead/id?slf_rd=1' (redirected from 'https://googleads.g.doubleclick.net/pagead/id') from origin 'https://www.youtube.com' has been blocked by CORS policy: No 'Access-Control-Allow-Origin' header is present on the requested resource. @ https://www.youtube.com/embed/random2:0
[  121296ms] [ERROR] Failed to load resource: net::ERR_FAILED @ https://googleads.g.doubleclick.net/pagead/id?slf_rd=1:0
[  121426ms] [ERROR] Access to XMLHttpRequest at 'https://googleads.g.doubleclick.net/pagead/id?slf_rd=1' (redirected from 'https://googleads.g.doubleclick.net/pagead/id') from origin 'https://www.youtube.com' has been blocked by CORS policy: No 'Access-Control-Allow-Origin' header is present on the requested resource. @ https://www.youtube.com/embed/videoseries?list=PLrandom1:0
[  121426ms] [ERROR] Failed to load resource: net::ERR_FAILED @ https://googleads.g.doubleclick.net/pagead/id?slf_rd=1:0
[  121550ms] [ERROR] Access to XMLHttpRequest at 'https://googleads.g.doubleclick.net/pagead/id?slf_rd=1' (redirected from 'https://googleads.g.doubleclick.net/pagead/id') from origin 'https://www.youtube.com' has been blocked by CORS policy: No 'Access-Control-Allow-Origin' header is present on the requested resource. @ https://www.youtube.com/embed/random4:0
[  121551ms] [ERROR] Failed to load resource: net::ERR_FAILED @ https://googleads.g.doubleclick.net/pagead/id?slf_rd=1:0
[  121631ms] [ERROR] Access to XMLHttpRequest at 'https://googleads.g.doubleclick.net/pagead/id?slf_rd=1' (redirected from 'https://googleads.g.doubleclick.net/pagead/id') from origin 'https://www.youtube.com' has been blocked by CORS policy: No 'Access-Control-Allow-Origin' header is present on the requested resource. @ https://www.youtube.com/embed/random10:0
[  121632ms] [ERROR] Failed to load resource: net::ERR_FAILED @ https://googleads.g.doubleclick.net/pagead/id?slf_rd=1:0
[  121669ms] [ERROR] Access to XMLHttpRequest at 'https://googleads.g.doubleclick.net/pagead/id?slf_rd=1' (redirected from 'https://googleads.g.doubleclick.net/pagead/id') from origin 'https://www.youtube.com' has been blocked by CORS policy: No 'Access-Control-Allow-Origin' header is present on the requested resource. @ https://www.youtube.com/embed/random6:0
[  121669ms] [ERROR] Failed to load resource: net::ERR_FAILED @ https://googleads.g.doubleclick.net/pagead/id?slf_rd=1:0
[  121709ms] [ERROR] Access to XMLHttpRequest at 'https://googleads.g.doubleclick.net/pagead/id?slf_rd=1' (redirected from 'https://googleads.g.doubleclick.net/pagead/id') from origin 'https://www.youtube.com' has been blocked by CORS policy: No 'Access-Control-Allow-Origin' header is present on the requested resource. @ https://www.youtube.com/embed/cZ_KqNJYqTs:0
[  121709ms] [ERROR] Failed to load resource: net::ERR_FAILED @ https://googleads.g.doubleclick.net/pagead/id?slf_rd=1:0
[  121752ms] [ERROR] Access to XMLHttpRequest at 'https://googleads.g.doubleclick.net/pagead/id?slf_rd=1' (redirected from 'https://googleads.g.doubleclick.net/pagead/id') from origin 'https://www.youtube.com' has been blocked by CORS policy: No 'Access-Control-Allow-Origin' header is present on the requested resource. @ https://www.youtube.com/embed/random3:0
[  121752ms] [ERROR] Failed to load resource: net::ERR_FAILED @ https://googleads.g.doubleclick.net/pagead/id?slf_rd=1:0
[  121820ms] [ERROR] Access to XMLHttpRequest at 'https://googleads.g.doubleclick.net/pagead/id?slf_rd=1' (redirected from 'https://googleads.g.doubleclick.net/pagead/id') from origin 'https://www.youtube.com' has been blocked by CORS policy: No 'Access-Control-Allow-Origin' header is present on the requested resource. @ https://www.youtube.com/embed/random11:0
[  121820ms] [ERROR] Failed to load resource: net::ERR_FAILED @ https://googleads.g.doubleclick.net/pagead/id?slf_rd=1:0
[  121859ms] [ERROR] Access to XMLHttpRequest at 'https://googleads.g.doubleclick.net/pagead/id?slf_rd=1' (redirected from 'https://googleads.g.doubleclick.net/pagead/id') from origin 'https://www.youtube.com' has been blocked by CORS policy: No 'Access-Control-Allow-Origin' header is present on the requested resource. @ https://www.youtube.com/embed/random5:0
[  121859ms] [ERROR] Failed to load resource: net::ERR_FAILED @ https://googleads.g.doubleclick.net/pagead/id?slf_rd=1:0
[  121897ms] [ERROR] Access to XMLHttpRequest at 'https://googleads.g.doubleclick.net/pagead/id?slf_rd=1' (redirected from 'https://googleads.g.doubleclick.net/pagead/id') from origin 'https://www.youtube.com' has been blocked by CORS policy: No 'Access-Control-Allow-Origin' header is present on the requested resource. @ https://www.youtube.com/embed/random8:0
[  121897ms] [ERROR] Failed to load resource: net::ERR_FAILED @ https://googleads.g.doubleclick.net/pagead/id?slf_rd=1:0
[  121938ms] [ERROR] Access to XMLHttpRequest at 'https://googleads.g.doubleclick.net/pagead/id?slf_rd=1' (redirected from 'https://googleads.g.doubleclick.net/pagead/id') from origin 'https://www.youtube.com' has been blocked by CORS policy: No 'Access-Control-Allow-Origin' header is present on the requested resource. @ https://www.youtube.com/embed/random7:0
[  121938ms] [ERROR] Failed to load resource: net::ERR_FAILED @ https://googleads.g.doubleclick.net/pagead/id?slf_rd=1:0
